[    0.000000] Linux version 4.15.0-204-generic (buildd@lcy02-amd64-030) (gcc version 7.5.0 (Ubuntu 7.5.0-3ubuntu1~18.04)) #215-Ubuntu SMP Fri Jan 20 18:24:59 UTC 2023 (Ubuntu 4.15.0-204.215-generic 4.15.18)
[    0.000000] Command line: BOOT_IMAGE=/boot/vmlinuz-4.15.0-204-generic root=LABEL=cloudimg-rootfs ro console=tty1 console=ttyS0
[    0.000000] KERNEL supported cpus:
[    0.000000]   Intel GenuineIntel
[    0.000000]   AMD AuthenticAMD
[    0.000000]   Centaur CentaurHauls
[    0.000000] x86/fpu: Supporting XSAVE feature 0x001: 'x87 floating point registers'
[    0.000000] x86/fpu: Supporting XSAVE feature 0x002: 'SSE registers'
[    0.000000] x86/fpu: Supporting XSAVE feature 0x004: 'AVX registers'
[    0.000000] x86/fpu: xstate_offset[2]:  576, xstate_sizes[2]:  256
[    0.000000] x86/fpu: Enabled xstate features 0x7, context size is 832 bytes, using 'standard' format.
[    0.000000] e820: BIOS-provided physical RAM map:
[    0.000000] BIOS-e820: [mem 0x0000000000000000-0x000000000009fbff] usable
[    0.000000] BIOS-e820: [mem 0x000000000009fc00-0x000000000009ffff] reserved
[    0.000000] BIOS-e820: [mem 0x00000000000f0000-0x00000000000fffff] reserved
[    0.000000] BIOS-e820: [mem 0x0000000000100000-0x000000007ffeffff] usable
[    0.000000] BIOS-e820: [mem 0x000000007fff0000-0x000000007fffffff] ACPI data
[    0.000000] BIOS-e820: [mem 0x00000000fec00000-0x00000000fec00fff] reserved
[    0.000000] BIOS-e820: [mem 0x00000000fee00000-0x00000000fee00fff] reserved
[    0.000000] BIOS-e820: [mem 0x00000000fffc0000-0x00000000ffffffff] reserved
[    0.000000] NX (Execute Disable) protection: active
[    0.000000] SMBIOS 2.5 present.
[    0.000000] DMI: innotek GmbH VirtualBox/VirtualBox, BIOS VirtualBox 12/01/2006
[    0.000000] Hypervisor detected: KVM
[    0.000000] e820: last_pfn = 0x7fff0 max_arch_pfn = 0x400000000
[    0.000000] MTRR: Disabled
[    0.000000] x86/PAT: MTRRs disabled, skipping PAT initialization too.
[    0.000000] CPU MTRRs all blank - virtualized system.
[    0.000000] x86/PAT: Configuration [0-7]: WB  WT  UC- UC  WB  WT  UC- UC  
[    0.000000] found SMP MP-table at [mem 0x0009fff0-0x0009ffff]
[    0.000000] Scanning 1 areas for low memory corruption
[    0.000000] RAMDISK: [mem 0x359cb000-0x36cdcfff]
[    0.000000] ACPI: Early table checksum verification disabled
[    0.000000] ACPI: RSDP 0x00000000000E0000 000024 (v02 VBOX  )
[    0.000000] ACPI: XSDT 0x000000007FFF0030 00003C (v01 VBOX   VBOXXSDT 00000001 ASL  00000061)
[    0.000000] ACPI: FACP 0x000000007FFF00F0 0000F4 (v04 VBOX   VBOXFACP 00000001 ASL  00000061)
[    0.000000] ACPI: DSDT 0x000000007FFF0470 002325 (v02 VBOX   VBOXBIOS 00000002 INTL 20190509)
[    0.000000] ACPI: FACS 0x000000007FFF0200 000040
[    0.000000] ACPI: FACS 0x000000007FFF0200 000040
[    0.000000] ACPI: APIC 0x000000007FFF0240 00005C (v02 VBOX   VBOXAPIC 00000001 ASL  00000061)
[    0.000000] ACPI: SSDT 0x000000007FFF02A0 0001CC (v01 VBOX   VBOXCPUT 00000002 INTL 20190509)
[    0.000000] ACPI: Reserving FACP table memory at [mem 0x7fff00f0-0x7fff01e3]
[    0.000000] ACPI: Reserving DSDT table memory at [mem 0x7fff0470-0x7fff2794]
[    0.000000] ACPI: Reserving FACS table memory at [mem 0x7fff0200-0x7fff023f]
[    0.000000] ACPI: Reserving FACS table memory at [mem 0x7fff0200-0x7fff023f]
[    0.000000] ACPI: Reserving APIC table memory at [mem 0x7fff0240-0x7fff029b]
[    0.000000] ACPI: Reserving SSDT table memory at [mem 0x7fff02a0-0x7fff046b]
[    0.000000] No NUMA configuration found
[    0.000000] Faking a node at [mem 0x0000000000000000-0x000000007ffeffff]
[    0.000000] NODE_DATA(0) allocated [mem 0x7ffc5000-0x7ffeffff]
[    0.000000] kvm-clock: cpu 0, msr 0:7ff44001, primary cpu clock
[    0.000000] kvm-clock: Using msrs 4b564d01 and 4b564d00
[    0.000000] kvm-clock: using sched offset of 3331511107 cycles
[    0.000000] clocksource: kvm-clock: mask: 0xffffffffffffffff max_cycles: 0x1cd42e4dffb, max_idle_ns: 881590591483 ns
[    0.000000] Zone ranges:
[    0.000000]   DMA      [mem 0x0000000000001000-0x0000000000ffffff]
[    0.000000]   DMA32    [mem 0x0000000001000000-0x000000007ffeffff]
[    0.000000]   Normal   empty
[    0.000000]   Device   empty
[    0.000000] Movable zone start for each node
[    0.000000] Early memory node ranges
[    0.000000]   node   0: [mem 0x0000000000001000-0x000000000009efff]
[    0.000000]   node   0: [mem 0x0000000000100000-0x000000007ffeffff]
[    0.000000] Reserved but unavailable: 104 pages
[    0.000000] Initmem setup node 0 [mem 0x0000000000001000-0x000000007ffeffff]
[    0.000000] ACPI: PM-Timer IO Port: 0x4008
[    0.000000] IOAPIC[0]: apic_id 2, version 32, address 0xfec00000, GSI 0-23
[    0.000000] ACPI: INT_SRC_OVR (bus 0 bus_irq 0 global_irq 2 dfl dfl)
[    0.000000] ACPI: INT_SRC_OVR (bus 0 bus_irq 9 global_irq 9 low level)
[    0.000000] Using ACPI (MADT) for SMP configuration information
[    0.000000] smpboot: Allowing 2 CPUs, 0 hotplug CPUs
[    0.000000] PM: Registered nosave memory: [mem 0x00000000-0x00000fff]
[    0.000000] PM: Registered nosave memory: [mem 0x0009f000-0x0009ffff]
[    0.000000] PM: Registered nosave memory: [mem 0x000a0000-0x000effff]
[    0.000000] PM: Registered nosave memory: [mem 0x000f0000-0x000fffff]
[    0.000000] e820: [mem 0x80000000-0xfebfffff] available for PCI devices
[    0.000000] Booting paravirtualized kernel on KVM
[    0.000000] clocksource: refined-jiffies: mask: 0xffffffff max_cycles: 0xffffffff, max_idle_ns: 7645519600211568 ns
[    0.000000] setup_percpu: NR_CPUS:8192 nr_cpumask_bits:2 nr_cpu_ids:2 nr_node_ids:1
[    0.000000] percpu: Embedded 50 pages/cpu s167936 r8192 d28672 u1048576
[    0.000000] PV qspinlock hash table entries: 256 (order: 0, 4096 bytes)
[    0.000000] Built 1 zonelists, mobility grouping on.  Total pages: 515961
[    0.000000] Policy zone: DMA32
[    0.000000] Kernel command line: BOOT_IMAGE=/boot/vmlinuz-4.15.0-204-generic root=LABEL=cloudimg-rootfs ro console=tty1 console=ttyS0
[    0.000000] Memory: 2014836K/2096696K available (12300K kernel code, 2477K rwdata, 4324K rodata, 2480K init, 2720K bss, 81860K reserved, 0K cma-reserved)
[    0.000000] SLUB: HWalign=64, Order=0-3, MinObjects=0, CPUs=2, Nodes=1
[    0.000000] Kernel/User page tables isolation: enabled
[    0.000000] ftrace: allocating 39488 entries in 155 pages
[    0.004000] Hierarchical RCU implementation.
[    0.004000] 	RCU restricting CPUs from NR_CPUS=8192 to nr_cpu_ids=2.
[    0.004000] 	Tasks RCU enabled.
[    0.004000] RCU: Adjusting geometry for rcu_fanout_leaf=16, nr_cpu_ids=2
[    0.004000] NR_IRQS: 524544, nr_irqs: 440, preallocated irqs: 16
[    0.004000] random: crng init done
[    0.004000] Console: colour VGA+ 80x25
[    0.004000] console [tty1] enabled
[    0.004000] console [ttyS0] enabled
[    0.004000] ACPI: Core revision 20170831
[    0.004000] ACPI: 2 ACPI AML tables successfully acquired and loaded
[    0.004000] APIC: Switch to symmetric I/O mode setup
[    0.004000] x2apic enabled
[    0.004000] Switched APIC routing to physical x2apic.
[    0.004000] ..TIMER: vector=0x30 apic1=0 pin1=2 apic2=-1 pin2=-1
[    0.004000] tsc: Detected 1804.799 MHz processor
[    0.004013] Calibrating delay loop (skipped) preset value.. 3609.59 BogoMIPS (lpj=7219196)
[    0.005069] pid_max: default: 32768 minimum: 301
[    0.005710] Security Framework initialized
[    0.006277] Yama: becoming mindful.
[    0.006842] AppArmor: AppArmor initialized
[    0.008895] Dentry cache hash table entries: 262144 (order: 9, 2097152 bytes)
[    0.010618] Inode-cache hash table entries: 131072 (order: 8, 1048576 bytes)
[    0.011586] Mount-cache hash table entries: 4096 (order: 3, 32768 bytes)
[    0.012005] Mountpoint-cache hash table entries: 4096 (order: 3, 32768 bytes)
[    0.013184] Last level iTLB entries: 4KB 0, 2MB 0, 4MB 0
[    0.013875] Last level dTLB entries: 4KB 0, 2MB 0, 4MB 0, 1GB 0
[    0.014628] Spectre V1 : Mitigation: usercopy/swapgs barriers and __user pointer sanitization
[    0.015712] Spectre V2 : Mitigation: Retpolines
[    0.016001] Spectre V2 : Spectre v2 / SpectreRSB mitigation: Filling RSB on context switch
[    0.017069] Spectre V2 : Spectre v2 / SpectreRSB : Filling RSB on VMEXIT
[    0.017944] Speculative Store Bypass: Vulnerable
[    0.018606] MDS: Mitigation: Clear CPU buffers
[    0.019415] Freeing SMP alternatives memory: 36K
[    0.127460] smpboot: CPU0: 11th Gen Intel(R) Core(TM) i7-1185G7 @ 3.00GHz (family: 0x6, model: 0x8c, stepping: 0x1)
[    0.128000] Performance Events: unsupported p6 CPU model 140 no PMU driver, software events only.
[    0.128000] Hierarchical SRCU implementation.
[    0.128454] NMI watchdog: Perf event create on CPU 0 failed with -2
[    0.129304] NMI watchdog: Perf NMI watchdog permanently disabled
[    0.130148] smp: Bringing up secondary CPUs ...
[    0.130856] x86: Booting SMP configuration:
[    0.132002] .... node  #0, CPUs:      #1
[    0.004000] kvm-clock: cpu 1, msr 0:7ff44041, secondary cpu clock
[    0.135445] smp: Brought up 1 node, 2 CPUs
[    0.136005] smpboot: Max logical packages: 1
[    0.136611] smpboot: Total of 2 processors activated (7219.19 BogoMIPS)
[    0.137605] devtmpfs: initialized
[    0.137605] x86/mm: Memory block size: 128MB
[    0.137605] evm: security.selinux
[    0.140003] evm: security.SMACK64
[    0.140490] evm: security.SMACK64EXEC
[    0.140987] evm: security.SMACK64TRANSMUTE
[    0.141529] evm: security.SMACK64MMAP
[    0.142022] evm: security.apparmor
[    0.142488] evm: security.ima
[    0.142906] evm: security.capability
[    0.143418] clocksource: jiffies: mask: 0xffffffff max_cycles: 0xffffffff, max_idle_ns: 7645041785100000 ns
[    0.144009] futex hash table entries: 512 (order: 3, 32768 bytes)
[    0.144870] pinctrl core: initialized pinctrl subsystem
[    0.145641] RTC time: 10:22:22, date: 02/15/23
[    0.146398] NET: Registered protocol family 16
[    0.148063] audit: initializing netlink subsys (disabled)
[    0.148803] audit: type=2000 audit(1676456547.702:1): state=initialized audit_enabled=0 res=1
[    0.149245] cpuidle: using governor ladder
[    0.149245] cpuidle: using governor menu
[    0.149292] ACPI: bus type PCI registered
[    0.152004] acpiphp: ACPI Hot Plug PCI Controller Driver version: 0.5
[    0.152892] PCI: Using configuration type 1 for base access
[    0.153638] HugeTLB registered 2.00 MiB page size, pre-allocated 0 pages
[    0.156069] ACPI: Added _OSI(Module Device)
[    0.156627] ACPI: Added _OSI(Processor Device)
[    0.157228] ACPI: Added _OSI(3.0 _SCP Extensions)
[    0.157859] ACPI: Added _OSI(Processor Aggregator Device)
[    0.158589] ACPI: Added _OSI(Linux-Dell-Video)
[    0.160006] ACPI: Added _OSI(Linux-Lenovo-NV-HDMI-Audio)
[    0.160689] ACPI: Added _OSI(Linux-HPI-Hybrid-Graphics)
[    0.161600] ACPI: Executed 1 blocks of module-level executable AML code
[    0.165402] ACPI: Interpreter enabled
[    0.165954] ACPI: (supports S0 S5)
[    0.166467] ACPI: Using IOAPIC for interrupt routing
[    0.167335] PCI: Using host bridge windows from ACPI; if necessary, use "pci=nocrs" and report a bug
[    0.168153] ACPI: Enabled 2 GPEs in block 00 to 07
[    0.174037] ACPI: PCI Root Bridge [PCI0] (domain 0000 [bus 00-ff])
[    0.174864] acpi PNP0A03:00: _OSC: OS supports [ASPM ClockPM Segments MSI]
[    0.176185] acpi PNP0A03:00: _OSC: not requesting OS control; OS requires [ExtendedConfig ASPM ClockPM MSI]
[    0.177470] acpi PNP0A03:00: fail to add MMCONFIG information, can't access extended PCI configuration space under this bridge.
[    0.179277] PCI host bridge to bus 0000:00
[    0.179900] pci_bus 0000:00: root bus resource [io  0x0000-0x0cf7 window]
[    0.180002] pci_bus 0000:00: root bus resource [io  0x0d00-0xffff window]
[    0.180873] pci_bus 0000:00: root bus resource [mem 0x000a0000-0x000bffff window]
[    0.181860] pci_bus 0000:00: root bus resource [mem 0x80000000-0xfdffffff window]
[    0.184003] pci_bus 0000:00: root bus resource [bus 00-ff]
[    0.186134] pci 0000:00:01.1: legacy IDE quirk: reg 0x10: [io  0x01f0-0x01f7]
[    0.188002] pci 0000:00:01.1: legacy IDE quirk: reg 0x14: [io  0x03f6]
[    0.188843] pci 0000:00:01.1: legacy IDE quirk: reg 0x18: [io  0x0170-0x0177]
[    0.189740] pci 0000:00:01.1: legacy IDE quirk: reg 0x1c: [io  0x0376]
[    0.206348] pci 0000:00:07.0: quirk: [io  0x4000-0x403f] claimed by PIIX4 ACPI
[    0.207757] pci 0000:00:07.0: quirk: [io  0x4100-0x410f] claimed by PIIX4 SMB
[    0.216741] ACPI: PCI Interrupt Link [LNKA] (IRQs 5 9 10 *11)
[    0.217902] ACPI: PCI Interrupt Link [LNKB] (IRQs 5 9 *10 11)
[    0.218737] ACPI: PCI Interrupt Link [LNKC] (IRQs 5 *9 10 11)
[    0.219572] ACPI: PCI Interrupt Link [LNKD] (IRQs 5 9 10 *11)
[    0.220368] SCSI subsystem initialized
[    0.220955] pci 0000:00:02.0: vgaarb: setting as boot VGA device
[    0.220955] pci 0000:00:02.0: vgaarb: VGA device added: decodes=io+mem,owns=io+mem,locks=none
[    0.221957] pci 0000:00:02.0: vgaarb: bridge control possible
[    0.224002] vgaarb: loaded
[    0.224420] ACPI: bus type USB registered
[    0.224984] usbcore: registered new interface driver usbfs
[    0.225707] usbcore: registered new interface driver hub
[    0.226410] usbcore: registered new device driver usb
[    0.227139] EDAC MC: Ver: 3.0.0
[    0.228173] PCI: Using ACPI for IRQ routing
[    0.228833] NetLabel: Initializing
[    0.229324] NetLabel:  domain hash size = 128
[    0.229906] NetLabel:  protocols = UNLABELED CIPSOv4 CALIPSO
[    0.230660] NetLabel:  unlabeled traffic allowed by default
[    0.232070] clocksource: Switched to clocksource kvm-clock
[    0.245684] VFS: Disk quotas dquot_6.6.0
[    0.246525] VFS: Dquot-cache hash table entries: 512 (order 0, 4096 bytes)
[    0.247813] AppArmor: AppArmor Filesystem Enabled
[    0.248696] pnp: PnP ACPI init
[    0.250335] pnp: PnP ACPI: found 3 devices
[    0.259165] clocksource: acpi_pm: mask: 0xffffff max_cycles: 0xffffff, max_idle_ns: 2085701024 ns
[    0.260921] NET: Registered protocol family 2
[    0.261756] IP idents hash table entries: 32768 (order: 6, 262144 bytes)
[    0.263276] TCP established hash table entries: 16384 (order: 5, 131072 bytes)
[    0.264657] TCP bind hash table entries: 16384 (order: 6, 262144 bytes)
[    0.266522] TCP: Hash tables configured (established 16384 bind 16384)
[    0.267895] UDP hash table entries: 1024 (order: 3, 32768 bytes)
[    0.268973] UDP-Lite hash table entries: 1024 (order: 3, 32768 bytes)
[    0.270082] NET: Registered protocol family 1
[    0.270724] pci 0000:00:00.0: Limiting direct PCI/PCI transfers
[    0.271775] pci 0000:00:01.0: Activating ISA DMA hang workarounds
[    0.272862] pci 0000:00:02.0: Video device with shadowed ROM at [mem 0x000c0000-0x000dffff]
[    0.274413] Unpacking initramfs...
[    0.544656] Freeing initrd memory: 19528K
[    0.545418] clocksource: tsc: mask: 0xffffffffffffffff max_cycles: 0x1a03dee96fa, max_idle_ns: 440795213645 ns
[    0.546776] platform rtc_cmos: registered platform RTC device (no PNP device found)
[    0.547802] Scanning for low memory corruption every 60 seconds
[    0.549169] Initialise system trusted keyrings
[    0.549815] Key type blacklist registered
[    0.551036] workingset: timestamp_bits=36 max_order=19 bucket_order=0
[    0.552667] zbud: loaded
[    0.553475] squashfs: version 4.0 (2009/01/31) Phillip Lougher
[    0.554389] fuse init (API version 7.26)
[    0.556234] Key type asymmetric registered
[    0.556862] Asymmetric key parser 'x509' registered
[    0.557578] Block layer SCSI generic (bsg) driver version 0.4 loaded (major 246)
[    0.558604] io scheduler noop registered
[    0.559128] io scheduler deadline registered
[    0.559738] io scheduler cfq registered (default)
[    0.560639] ACPI: AC Adapter [AC] (on-line)
[    0.561256] input: Power Button as /devices/LNXSYSTM:00/LNXPWRBN:00/input/input0
[    0.562325] ACPI: Power Button [PWRF]
[    0.562884] input: Sleep Button as /devices/LNXSYSTM:00/LNXSLPBN:00/input/input1
[    0.564243] ACPI: Sleep Button [SLPF]
[    0.566298] ACPI: Battery Slot [BAT0] (battery present)
[    0.567289] Serial: 8250/16550 driver, 32 ports, IRQ sharing enabled
[    0.589471] 00:02: ttyS0 at I/O 0x3f8 (irq = 4, base_baud = 115200) is a 16550A
[    0.593281] Linux agpgart interface v0.103
[    0.595668] loop: module loaded
[    0.596762] scsi host0: ata_piix
[    0.597429] scsi host1: ata_piix
[    0.597973] ata1: PATA max UDMA/33 cmd 0x1f0 ctl 0x3f6 bmdma 0xd000 irq 14
[    0.598976] ata2: PATA max UDMA/33 cmd 0x170 ctl 0x376 bmdma 0xd008 irq 15
[    0.600072] tun: Universal TUN/TAP device driver, 1.6
[    0.600901] PPP generic driver version 2.4.2
[    0.601612] ehci_hcd: USB 2.0 'Enhanced' Host Controller (EHCI) Driver
[    0.602541] ehci-pci: EHCI PCI platform driver
[    0.603211] ehci-platform: EHCI generic platform driver
[    0.603980] ohci_hcd: USB 1.1 'Open' Host Controller (OHCI) Driver
[    0.604926] ohci-pci: OHCI PCI platform driver
[    0.605598] ohci-platform: OHCI generic platform driver
[    0.606363] uhci_hcd: USB Universal Host Controller Interface driver
[    0.607325] i8042: PNP: PS/2 Controller [PNP0303:PS2K,PNP0f03:PS2M] at 0x60,0x64 irq 1,12
[    0.608962] serio: i8042 KBD port at 0x60,0x64 irq 1
[    0.609769] serio: i8042 AUX port at 0x60,0x64 irq 12
[    0.610748] mousedev: PS/2 mouse device common for all mice
[    0.612016] input: AT Translated Set 2 keyboard as /devices/platform/i8042/serio0/input/input2
[    0.613479] rtc_cmos rtc_cmos: rtc core: registered rtc_cmos as rtc0
[    0.614441] rtc_cmos rtc_cmos: alarms up to one day, 114 bytes nvram
[    0.615348] i2c /dev entries driver
[    0.615940] device-mapper: uevent: version 1.0.3
[    0.616772] device-mapper: ioctl: 4.37.0-ioctl (2017-09-20) initialised: dm-devel@redhat.com
[    0.618307] ledtrig-cpu: registered to indicate activity on CPUs
[    0.619805] NET: Registered protocol family 10
[    0.623837] Segment Routing with IPv6
[    0.624547] NET: Registered protocol family 17
[    0.625229] Key type dns_resolver registered
[    0.626023] mce: Using 0 MCE banks
[    0.626554] RAS: Correctable Errors collector initialized.
[    0.627296] sched_clock: Marking stable (626000164, 0)->(766815466, -140815302)
[    0.628860] registered taskstats version 1
[    0.629587] Loading compiled-in X.509 certificates
[    0.632485] Loaded X.509 cert 'Build time autogenerated kernel key: 449f52b446813ee48ad446aa51a5377584e80c28'
[    0.634426] Loaded X.509 cert 'Canonical Ltd. Live Patch Signing: 14df34d1a87cf37625abec039ef2bf521249b969'
[    0.636215] Loaded X.509 cert 'Canonical Ltd. Kernel Module Signing: 88f752e560a1e0737e31163a466ad7b70a850c19'
[    0.637500] blacklist: Loading compiled-in revocation X.509 certificates
[    0.638372] Loaded X.509 cert 'Canonical Ltd. Secure Boot Signing: 61482aa2830d0ab2ad5af10b7250da9033ddcef0'
[    0.639642] Loaded X.509 cert 'Canonical Ltd. Secure Boot Signing (2017): 242ade75ac4a15e50d50c84b0d45ff3eae707a03'
[    0.641042] Loaded X.509 cert 'Canonical Ltd. Secure Boot Signing (ESM 2018): 365188c1d374d6b07c3c8f240f8ef722433d6a8b'
[    0.642454] Loaded X.509 cert 'Canonical Ltd. Secure Boot Signing (2019): c0746fd6c5da3ae827864651ad66ae47fe24b3e8'
[    0.643853] Loaded X.509 cert 'Canonical Ltd. Secure Boot Signing (2021 v1): a8d54bbb3825cfb94fa13c9f8a594a195c107b8d'
[    0.645315] Loaded X.509 cert 'Canonical Ltd. Secure Boot Signing (2021 v2): 4cf046892d6fd3c9a5b03f98d845f90851dc6a8c'
[    0.646724] Loaded X.509 cert 'Canonical Ltd. Secure Boot Signing (2021 v3): 100437bb6de6e469b581e61cd66bce3ef4ed53af'
[    0.648176] Loaded X.509 cert 'Canonical Ltd. Secure Boot Signing (Ubuntu Core 2019): c1d57b8f6b743f23ee41f4f7ee292f06eecadfb9'
[    0.649746] zswap: loaded using pool lzo/zbud
[    0.653273] Key type big_key registered
[    0.653880] Key type trusted registered
[    0.655730] Key type encrypted registered
[    0.657338] AppArmor: AppArmor sha1 policy hashing enabled
[    0.659087] ima: No TPM chip found, activating TPM-bypass! (rc=-19)
[    0.660051] ima: Allocated hash algorithm: sha1
[    0.660665] evm: HMAC attrs: 0x1
[    0.661295]   Magic number: 11:982:375
[    0.661944] rtc_cmos rtc_cmos: setting system clock to 2023-02-15 10:22:23 UTC (1676456543)
[    0.663182] BIOS EDD facility v0.16 2004-Jun-25, 0 devices found
[    0.663991] EDD information not available.
[    0.803413] Freeing unused kernel image memory: 2480K
[    1.407051] Write protecting the kernel read-only data: 20480k
[    1.410535] Freeing unused kernel image memory: 2008K
[    1.413128] Freeing unused kernel image memory: 1820K
[    1.419790] x86/mm: Checked W+X mappings: passed, no W+X pages found.
[    1.420678] x86/mm: Checking user space page tables
[    1.425751] x86/mm: Checked W+X mappings: passed, no W+X pages found.
Loading, please wait...
starting version 237
[    1.494496] Fusion MPT base driver 3.04.20
[    1.495310] Copyright (c) 1999-2008 LSI Corporation
[    1.504643] Fusion MPT SPI Host driver 3.04.20
[    1.510656] e1000: Intel(R) PRO/1000 Network Driver - version 7.3.21-k8-NAPI
[    1.511658] e1000: Copyright (c) 1999-2006 Intel Corporation.
[    1.515575] AVX2 version of gcm_enc/dec engaged.
[    1.516275] AES CTR mode by8 optimization enabled
[    1.517160] mptbase: ioc0: Initiating bringup
[    1.620632] ioc0: LSI53C1030 A0: Capabilities={Initiator}
[    1.706469] input: ImExPS/2 Generic Explorer Mouse as /devices/platform/i8042/serio1/input/input4
[    1.870762] scsi host2: ioc0: LSI53C1030 A0, FwRev=00000000h, Ports=1, MaxQ=256, IRQ=20
[    2.041245] scsi 2:0:0:0: Direct-Access     VBOX     HARDDISK         1.0  PQ: 0 ANSI: 5
[    2.072089] scsi target2:0:0: Beginning Domain Validation
[    2.077737] scsi target2:0:0: Domain Validation skipping write tests
[    2.081058] scsi target2:0:0: Ending Domain Validation
[    2.090450] scsi target2:0:0: asynchronous
[    2.117408] scsi 2:0:1:0: Direct-Access     VBOX     HARDDISK         1.0  PQ: 0 ANSI: 5
[    2.155269] scsi target2:0:1: Beginning Domain Validation
[    2.160958] scsi target2:0:1: Domain Validation skipping write tests
[    2.161846] scsi target2:0:1: Ending Domain Validation
[    2.162611] scsi target2:0:1: asynchronous
[    2.169799] sd 2:0:0:0: Attached scsi generic sg0 type 0
[    2.174160] sd 2:0:0:0: [sda] 83886080 512-byte logical blocks: (42.9 GB/40.0 GiB)
[    2.175558] sd 2:0:1:0: Attached scsi generic sg1 type 0
[    2.176425] sd 2:0:0:0: [sda] Write Protect is off
[    2.177220] sd 2:0:1:0: [sdb] 20480 512-byte logical blocks: (10.5 MB/10.0 MiB)
[    2.178252] sd 2:0:0:0: [sda] Incomplete mode parameter data
[    2.179045] sd 2:0:0:0: [sda] Assuming drive cache: write through
[    2.179920] sd 2:0:1:0: [sdb] Write Protect is off
[    2.181250] sd 2:0:1:0: [sdb] Incomplete mode parameter data
[    2.182097] sd 2:0:1:0: [sdb] Assuming drive cache: write through
[    2.183748]  sda: sda1
[    2.184619] sd 2:0:0:0: [sda] Attached SCSI disk
[    2.185630] sd 2:0:1:0: [sdb] Attached SCSI disk
[    2.432344] e1000 0000:00:03.0 eth0: (PCI:33MHz:32-bit) 02:1d:71:e8:cf:d1
[    2.433498] e1000 0000:00:03.0 eth0: Intel(R) PRO/1000 Network Connection
[    2.435256] e1000 0000:00:03.0 enp0s3: renamed from eth0
Begin: Loading essential drivers ... [    3.972027] raid6: sse2x1   gen() 12961 MB/s
[    4.020009] raid6: sse2x1   xor()  7917 MB/s
[    4.068018] raid6: sse2x2   gen() 16861 MB/s
[    4.116027] raid6: sse2x2   xor() 10831 MB/s
[    4.164024] raid6: sse2x4   gen() 17467 MB/s
[    4.212015] raid6: sse2x4   xor()  9503 MB/s
[    4.260017] raid6: avx2x1   gen() 25502 MB/s
[    4.308021] raid6: avx2x1   xor() 14685 MB/s
[    4.356021] raid6: avx2x2   gen() 30741 MB/s
[    4.404018] raid6: avx2x2   xor() 20771 MB/s
[    4.452021] raid6: avx2x4   gen() 31264 MB/s
[    4.500020] raid6: avx2x4   xor() 16380 MB/s
[    4.500726] raid6: using algorithm avx2x4 gen() 31264 MB/s
[    4.501452] raid6: .... xor() 16380 MB/s, rmw enabled
[    4.502113] raid6: using avx2x2 recovery algorithm
[    4.504100] xor: automatically using best checksumming function   avx       
[    4.506111] async_tx: api initialized (async)
done.
Begin: Running /scripts/init-premount ... done.
Begin: Mounting root file system ... Begin: Running /scripts/local-top ... done.
Begin: Running /scripts/local-premount ... [    4.551838] Btrfs loaded, crc32c=crc32c-intel
Scanning for Btrfs filesystems
done.
Warning: fsck not present, so skipping root file system
[    4.594684] EXT4-fs (sda1): mounted filesystem with ordered data mode. Opts: (null)
done.
Begin: Running /scripts/local-bottom ... done.
Begin: Running /scripts/init-bottom ... done.
[    4.743393] ip_tables: (C) 2000-2006 Netfilter Core Team
[    4.749807] systemd[1]: systemd 237 running in system mode. (+PAM +AUDIT +SELINUX +IMA +APPARMOR +SMACK +SYSVINIT +UTMP +LIBCRYPTSETUP +GCRYPT +GNUTLS +ACL +XZ +LZ4 +SECCOMP +BLKID +ELFUTILS +KMOD -IDN2 +IDN -PCRE2 default-hierarchy=hybrid)
[    4.752674] systemd[1]: Detected virtualization oracle.
[    4.753372] systemd[1]: Detected architecture x86-64.

Welcome to [1mUbuntu 18.04.6 LTS[0m!

[    4.758776] systemd[1]: Set hostname to <ubuntu>.
[    4.760666] systemd[1]: Initializing machine ID from random generator.
[    4.761516] systemd[1]: Installed transient /etc/machine-id file.
[    4.947523] systemd[1]: Created slice User and Session Slice.
[[0;32m  OK  [0m] Created slice User and Session Slice.
[    4.949448] systemd[1]: Set up automount Arbitrary Executable File Formats File System Automount Point.
[[0;32m  OK  [0m] Set up automount Arbitrary Executab…rmats File System Automount Point.
[    4.951853] systemd[1]: Reached target System Time Synchronized.
[[0;32m  OK  [0m] Reached target System Time Synchronized.
[    4.953194] systemd[1]: Reached target User and Group Name Lookups.
[[0;32m  OK  [0m] Reached target User and Group Name Lookups.
[[0;32m  OK  [0m] Reached target Swap.
[[0;32m  OK  [0m] Reached target Mounting snaps.
[[0;32m  OK  [0m] Started Forward Password Requests to Wall Directory Watch.
[[0;32m  OK  [0m] Created slice System Slice.
[[0;32m  OK  [0m] Listening on Network Service Netlink Socket.
[[0;32m  OK  [0m] Listening on udev Kernel Socket.
[[0;32m  OK  [0m] Listening on /dev/initctl Compatibility Named Pipe.
[[0;32m  OK  [0m] Listening on Journal Socket.
         Mounting POSIX Message Queue File System...
         Mounting Huge Pages File System...
[[0;32m  OK  [0m] Listening on udev Control Socket.
         Starting udev Coldplug all Devices...
         Starting Uncomplicated firewall...
[[0;32m  OK  [0m] Listening on Device-mapper event daemon FIFOs.
         Mounting Kernel Debug File System...
         Starting Create list of required st…ce nodes for the current kernel...
[[0;32m  OK  [0m] Listening on fsck to fsckd communication Socket.
         Starting File System Check on Root Device...
[[0;32m  OK  [0m] Listening on Syslog Socket.
[[0;32m  OK  [0m] Listening on Journal Socket (/dev/log).
[[0;32m  OK  [0m] Created slice system-serial\x2dgetty.slice.
[[0;32m  OK  [0m] Listening on LVM2 poll daemon socket.
[[0;32m  OK  [0m] Listening on Journal Audit Socket.
         Starting Journal Service...
[[0;32m  OK  [0m] Reached target Mounted snaps.
         Starting Set the console keyboard layout...
[[0;32m  OK  [0m] Listening on LVM2 metadata daemon socket.
         Starting Monitoring of LVM2 mirrors…ng dmeventd or progress polling...
[[0;32m  OK  [0m] Reached target Slices.
         Starting Load Kernel Modules...
[[0;32m  OK  [0m] Started Journal Service.
[[0;32m  OK  [0m] Mounted POSIX Message Queue File System.
[[0;32m  OK  [0m] Mounted Huge Pages File System.
[[0;32m  OK  [0m] Started Uncomplicated firewall.
[[0;32m  OK  [0m] Mounted Kernel Debug File System.
[[0;32m  OK  [0m] Started Create list of required sta…vice nodes for the current kernel.
[[0;32m  OK  [0m] Started LVM2 metadata daemon.
[[0;32m  OK  [0m] Started File System Check Daemon to report status.
         Starting Create Static Device Nodes in /dev...
[    5.072736] Loading iSCSI transport class v2.0-870.
[[0;32m  OK  [0m] Started udev Coldplug all Devices.
[    5.079801] iscsi: registered transport (tcp)
[    5.093225] iscsi: registered transport (iser)
[[0;32m  OK  [0m] Started Load Kernel Modules.
         Mounting FUSE Control File System...
         Mounting Kernel Configuration File System...
         Starting Apply Kernel Variables...
[[0;32m  OK  [0m] Started Create Static Device Nodes in /dev.
[[0;32m  OK  [0m] Mounted FUSE Control File System.
[[0;32m  OK  [0m] Started File System Check on Root Device.
[[0;32m  OK  [0m] Mounted Kernel Configuration File System.
         Starting Remount Root and Kernel File Systems...
[[0;32m  OK  [0m] Started Monitoring of LVM2 mirrors,…sing dmeventd or progress polling.
[[0;32m  OK  [0m] Started Apply Kernel Variables.
[[0;32m  OK  [0m] Started Remount Root and Kernel File Systems.
         Starting Flush Journal to Persistent Storage...
         Starting udev Kernel Device Manager...
         Starting Load/Save Random Seed...
[[0;32m  OK  [0m] Started udev Kernel Device Manager.
[[0;32m  OK  [0m] Started Load/Save Random Seed.
[[0;32m  OK  [0m] Started Flush Journal to Persistent Storage.
[[0;32m  OK  [0m] Found device /dev/ttyS0.
[[0;32m  OK  [0m] Listening on Load/Save RF Kill Switch Status /dev/rfkill Watch.
         Mounting Arbitrary Executable File Formats File System...
[[0;32m  OK  [0m] Mounted Arbitrary Executable File Formats File System.
[[0;32m  OK  [0m] Started Set the console keyboard layout.
[[0;32m  OK  [0m] Reached target Local File Systems (Pre).
[[0;32m  OK  [0m] Reached target Local File Systems.
         Starting Commit a transient machine-id on disk...
         Starting Tell Plymouth To Write Out Runtime Data...
         Starting Create Volatile Files and Directories...
         Starting ebtables ruleset management...
         Starting AppArmor initialization...
         Starting Set console font and keymap...
[[0;32m  OK  [0m] Started Dispatch Password Requests to Console Directory Watch.
[[0;32m  OK  [0m] Reached target Local Encrypted Volumes.
[[0;32m  OK  [0m] Started Tell Plymouth To Write Out Runtime Data.
[[0;32m  OK  [0m] Started Create Volatile Files and Directories.
         Starting Update UTMP about System Boot/Shutdown...
[[0;32m  OK  [0m] Started Update UTMP about System Boot/Shutdown.
[[0;32m  OK  [0m] Started Commit a transient machine-id on disk.
[[0;32m  OK  [0m] Started ebtables ruleset management.
[[0;32m  OK  [0m] Started AppArmor initialization.
         Starting Initial cloud-init job (pre-networking)...
         Starting Load AppArmor profiles managed internally by snapd...
[[0;32m  OK  [0m] Started Load AppArmor profiles managed internally by snapd.
[[0;32m  OK  [0m] Started Set console font and keymap.
[    7.633358] cloud-init[820]: Cloud-init v. 22.4.2-0ubuntu0~18.04.1 running 'init-local' at Wed, 15 Feb 2023 10:22:30 +0000. Up 7.36 seconds.
[[0;32m  OK  [0m] Started Initial cloud-init job (pre-networking).
[[0;32m  OK  [0m] Reached target Network (Pre).
         Starting Network Service...
[[0;32m  OK  [0m] Started Network Service.
         Starting Network Name Resolution...
         Starting Wait for Network to be Configured...
[[0;32m  OK  [0m] Started Network Name Resolution.
[[0;32m  OK  [0m] Reached target Network.
[[0;32m  OK  [0m] Reached target Host and Network Name Lookups.
[[0;32m  OK  [0m] Started Wait for Network to be Configured.
         Starting Initial cloud-init job (metadata service crawler)...
[   10.213092] cloud-init[970]: Cloud-init v. 22.4.2-0ubuntu0~18.04.1 running 'init' at Wed, 15 Feb 2023 10:22:32 +0000. Up 10.09 seconds.
[   10.214535] cloud-init[970]: ci-info: ++++++++++++++++++++++++++++++++++++++Net device info++++++++++++++++++++++++++++++++++++++
[   10.215762] cloud-init[970]: ci-info: +--------+------+----------------------------+---------------+--------+-------------------+
[   10.216864] cloud-init[970]: ci-info: | Device |  Up  |          Address           |      Mask     | Scope  |     Hw-Address    |
[   10.217908] cloud-init[970]: ci-info: +--------+------+----------------------------+---------------+--------+-------------------+
[   10.219149] cloud-init[970]: ci-info: | enp0s3 | True |         10.0.2.15          | 255.255.255.0 | global | 02:1d:71:e8:cf:d1 |
[   10.220229] cloud-init[970]: ci-info: | enp0s3 | True | fe80::1d:71ff:fee8:cfd1/64 |       .       |  link  | 02:1d:71:e8:cf:d1 |
[   10.221268] cloud-init[970]: ci-info: |   lo   | True |         127.0.0.1          |   255.0.0.0   |  host  |         .         |
[   10.222311] cloud-init[970]: ci-info: |   lo   | True |          ::1/128           |       .       |  host  |         .         |
[   10.223400] cloud-init[970]: ci-info: +--------+------+----------------------------+---------------+--------+-------------------+
[   10.224579] cloud-init[970]: ci-info: ++++++++++++++++++++++++++++Route IPv4 info+++++++++++++++++++++++++++++
[   10.225550] cloud-init[970]: ci-info: +-------+-------------+----------+-----------------+-----------+-------+
[   10.226505] cloud-init[970]: ci-info: | Route | Destination | Gateway  |     Genmask     | Interface | Flags |
[   10.227547] cloud-init[970]: ci-info: +-------+-------------+----------+-----------------+-----------+-------+
[   10.228529] cloud-init[970]: ci-info: |   0   |   0.0.0.0   | 10.0.2.2 |     0.0.0.0     |   enp0s3  |   UG  |
[   10.229523] cloud-init[970]: ci-info: |   1   |   10.0.2.0  | 0.0.0.0  |  255.255.255.0  |   enp0s3  |   U   |
[   10.230506] cloud-init[970]: ci-info: |   2   |   10.0.2.2  | 0.0.0.0  | 255.255.255.255 |   enp0s3  |   UH  |
[   10.231500] cloud-init[970]: ci-info: +-------+-------------+----------+-----------------+-----------+-------+
[   10.232383] cloud-init[970]: ci-info: +++++++++++++++++++Route IPv6 info+++++++++++++++++++
[   10.233144] cloud-init[970]: ci-info: +-------+-------------+---------+-----------+-------+
[   10.233901] cloud-init[970]: ci-info: | Route | Destination | Gateway | Interface | Flags |
[   10.234660] cloud-init[970]: ci-info: +-------+-------------+---------+-----------+-------+
[   10.235436] cloud-init[970]: ci-info: |   1   |  fe80::/64  |    ::   |   enp0s3  |   U   |
[   10.236253] cloud-init[970]: ci-info: |   3   |    local    |    ::   |   enp0s3  |   U   |
[   10.237047] cloud-init[970]: ci-info: |   4   |   ff00::/8  |    ::   |   enp0s3  |   U   |
[   10.237860] cloud-init[970]: ci-info: +-------+-------------+---------+-----------+-------+
[   10.796650] cloud-init[970]: Generating public/private rsa key pair.
[   10.798486] cloud-init[970]: Your identification has been saved in /etc/ssh/ssh_host_rsa_key.
[   10.800032] cloud-init[970]: Your public key has been saved in /etc/ssh/ssh_host_rsa_key.pub.
[   10.801514] cloud-init[970]: The key fingerprint is:
[   10.802121] cloud-init[970]: SHA256:E3Rk2SGQS/JVqJtZbbYRaO9gQ7SpnZakAFlN6VRjiQk root@ubuntu-bionic
[   10.803161] cloud-init[970]: The key's randomart image is:
[   10.803832] cloud-init[970]: +---[RSA 2048]----+
[   10.804477] cloud-init[970]: |    .oE++XXBo.   |
[   10.805106] cloud-init[970]: |    ....O+O=o    |
[   10.805649] cloud-init[970]: |      .*.*+o .   |
[   10.806182] cloud-init[970]: |       .=*=o*    |
[   10.806723] cloud-init[970]: |        S*=* o   |
[   10.807300] cloud-init[970]: |        +o  o    |
[   10.807821] cloud-init[970]: |                 |
[   10.808418] cloud-init[970]: |                 |
[   10.809004] cloud-init[970]: |                 |
[   10.809592] cloud-init[970]: +----[SHA256]-----+
[   10.810250] cloud-init[970]: Generating public/private dsa key pair.
[   10.811004] cloud-init[970]: Your identification has been saved in /etc/ssh/ssh_host_dsa_key.
[   10.812093] cloud-init[970]: Your public key has been saved in /etc/ssh/ssh_host_dsa_key.pub.
[   10.813034] cloud-init[970]: The key fingerprint is:
[   10.813564] cloud-init[970]: SHA256:qDDLBBaOsXWWvVzaIJeNmsr9J/R6Qo6SAFPdRd3ZKz0 root@ubuntu-bionic
[   10.814726] cloud-init[970]: The key's randomart image is:
[   10.815547] cloud-init[970]: +---[DSA 1024]----+
[   10.816271] cloud-init[970]: |....o+ *o. . o   |
[   10.816905] cloud-init[970]: |o+oo+ B o . o .  |
[   10.817435] cloud-init[970]: |++   * *     . . |
[   10.817993] cloud-init[970]: |+.  o +..   . E  |
[   10.818518] cloud-init[970]: |.o+o  . S    . . |
[   10.819029] cloud-init[970]: |.oo+..o          |
[   10.819551] cloud-init[970]: | .o..* .         |
[   10.820112] cloud-init[970]: |  o . = +        |
[   10.820903] cloud-init[970]: |   .  .*         |
[   10.821360] cloud-init[970]: +----[SHA256]-----+
[   10.821891] cloud-init[970]: Generating public/private ecdsa key pair.
[   10.822622] cloud-init[970]: Your identification has been saved in /etc/ssh/ssh_host_ecdsa_key.
[   10.823446] cloud-init[970]: Your public key has been saved in /etc/ssh/ssh_host_ecdsa_key.pub.
[   10.824397] cloud-init[970]: The key fingerprint is:
[   10.824967] cloud-init[970]: SHA256:N5fLu+0RcmF1uMG6An1icDRkGJPjDvNaYkbUAg3epYM root@ubuntu-bionic
[   10.825808] cloud-init[970]: The key's randomart image is:
[   10.826433] cloud-init[970]: +---[ECDSA 256]---+
[   10.826966] cloud-init[970]: |    o+ .+*=  . .o|
[   10.827500] cloud-init[970]: |   . o+o*o..  +..|
[   10.828018] cloud-init[970]: |    E.+o =   .oo |
[   10.828544] cloud-init[970]: |      +.o + oo.. |
[   10.829076] cloud-init[970]: |     . =Sooo+.o  |
[   10.829582] cloud-init[970]: |      + +..+.+ . |
[   10.848104] cloud-init[970]: |     o +   .o .  |
[   10.848824] cloud-init[970]: |      .      o . |
[   10.849420] cloud-init[970]: |            ooo  |
[   10.850171] cloud-init[970]: +----[SHA256]-----+
[   10.850724] cloud-init[970]: Generating public/private ed25519 key pair.
[   10.851527] cloud-init[970]: Your identification has been saved in /etc/ssh/ssh_host_ed25519_key.
[   10.852497] cloud-init[970]: Your public key has been saved in /etc/ssh/ssh_host_ed25519_key.pub.
[   10.853478] cloud-init[970]: The key fingerprint is:
[   10.854043] cloud-init[970]: SHA256:RTaRUtsoYUNtYJGBXkmM8+OTKkL4h/1K9CECaEvtgbQ root@ubuntu-bionic
[   10.855019] cloud-init[970]: The key's randomart image is:
[   10.855643] cloud-init[970]: +--[ED25519 256]--+
[   10.856189] cloud-init[970]: | .     *@O*o     |
[   10.856752] cloud-init[970]: |o +   +o*=+=     |
[   10.857308] cloud-init[970]: |oE o . +.o+ .    |
[   10.857847] cloud-init[970]: |o.o . . oo       |
[   10.858401] cloud-init[970]: | o..o ..So       |
[   10.858939] cloud-init[970]: |. .o o .+        |
[   10.859833] cloud-init[970]: | o o. .. .       |
[   10.860463] cloud-init[970]: |  +.+ .          |
[   10.861124] cloud-init[970]: |   o.+.          |
[   10.861667] cloud-init[970]: +----[SHA256]-----+
[[0;32m  OK  [0m] Started Initial cloud-init job (metadata service crawler).
[[0;32m  OK  [0m] Reached target System Initialization.
[[0;32m  OK  [0m] Listening on cloud-init hotplug hook socket.
[[0;32m  OK  [0m] Started Discard unused blocks once a week.
         Starting LXD - unix socket.
[[0;32m  OK  [0m] Listening on D-Bus System Message Bus Socket.
[[0;32m  OK  [0m] Started Message of the Day.
[[0;32m  OK  [0m] Started Daily apt download activities.
[[0;32m  OK  [0m] Started Daily apt upgrade and clean activities.
[[0;32m  OK  [0m] Started Daily Cleanup of Temporary Directories.
[[0;32m  OK  [0m] Listening on Open-iSCSI iscsid Socket.
[[0;32m  OK  [0m] Started ACPI Events Check.
[[0;32m  OK  [0m] Listening on ACPID Listen Socket.
[[0;32m  OK  [0m] Reached target Paths.
[[0;32m  OK  [0m] Listening on UUID daemon activation socket.
[[0;32m  OK  [0m] Started Ubuntu Advantage Timer for running repeated jobs.
[[0;32m  OK  [0m] Reached target Timers.
         Starting Socket activation for snappy daemon.
[[0;32m  OK  [0m] Reached target Network is Online.
[[0;32m  OK  [0m] Reached target Remote File Systems (Pre).
[[0;32m  OK  [0m] Reached target Remote File Systems.
         Starting Availability of block devices...
[[0;32m  OK  [0m] Reached target Cloud-config availability.
[[0;32m  OK  [0m] Listening on LXD - unix socket.
[[0;32m  OK  [0m] Listening on Socket activation for snappy daemon.
[[0;32m  OK  [0m] Reached target Sockets.
[[0;32m  OK  [0m] Reached target Basic System.
         Starting System Logging Service...
[[0;32m  OK  [0m] Started Deferred execution scheduler.
[[0;32m  OK  [0m] Reached target Login Prompts (Pre).
[[0;32m  OK  [0m] Started D-Bus System Message Bus.
         Starting LSB: Record successful boot for GRUB...
[[0;32m  OK  [0m] Started Regular background program processing daemon.
         Starting LSB: automatic crash report generation...
         Starting Permit User Sessions...
         Starting Virtualbox guest utils...
         Starting Pollinate to seed the pseudo random number generator...
         Starting Login Service...
         Starting Dispatcher daemon for systemd-networkd...
[[0;32m  OK  [0m] Started FUSE filesystem for LXC.
         Starting Snap Daemon...
         Starting Accounts Service...
[[0;32m  OK  [0m] Started irqbalance daemon.
         Starting LXD - container startup/shutdown...
[[0;32m  OK  [0m] Started System Logging Service.
[[0;32m  OK  [0m] Started Availability of block devices.
[[0;32m  OK  [0m] Started Permit User Sessions.
         Starting Hold until boot process finishes up...
         Starting Terminate Plymouth Boot Screen...
[[0;32m  OK  [0m] Started Hold until boot process finishes up.
         Starting Set console scheme...
[[0;32m  OK  [0m] Started Serial Getty on ttyS0.
[[0;32m  OK  [0m] Started Terminate Plymouth Boot Screen.
[[0;32m  OK  [0m] Started Login Service.
[[0;32m  OK  [0m] Started Unattended Upgrades Shutdown.
[[0;32m  OK  [0m] Started Set console scheme.
[[0;32m  OK  [0m] Created slice system-getty.slice.
[[0;32m  OK  [0m] Started Getty on tty1.
[[0;32m  OK  [0m] Reached target Login Prompts.
[[0;32m  OK  [0m] Started LSB: automatic crash report generation.
[[0;32m  OK  [0m] Started LSB: Record successful boot for GRUB.
         Starting Authorization Manager...
[[0;32m  OK  [0m] Started Virtualbox guest utils.
[[0;32m  OK  [0m] Started Authorization Manager.
[[0;32m  OK  [0m] Started Accounts Service.
[[0;32m  OK  [0m] Started LXD - container startup/shutdown.
[[0;32m  OK  [0m] Started Dispatcher daemon for systemd-networkd.
[[0;32m  OK  [0m] Started Snap Daemon.
         Starting Wait until snapd is fully seeded...
         Starting Time & Date Service...
[[0;32m  OK  [0m] Started Time & Date Service.
[[0;32m  OK  [0m] Started Pollinate to seed the pseudo random number generator.
         Starting OpenBSD Secure Shell server...
[[0;32m  OK  [0m] Started OpenBSD Secure Shell server.
[[0;32m  OK  [0m] Created slice User Slice of vagrant.
         Starting User Manager for UID 1000...
[[0;32m  OK  [0m] Started Session 1 of user vagrant.
[[0;32m  OK  [0m] Started User Manager for UID 1000.
[[0;32m  OK  [0m] Started Wait until snapd is fully seeded.
         Starting Apply the settings specified in cloud-config...
[   16.289766] cloud-init[1616]: Cloud-init v. 22.4.2-0ubuntu0~18.04.1 running 'modules:config' at Wed, 15 Feb 2023 10:22:38 +0000. Up 15.92 seconds.
ci-info: no authorized SSH keys fingerprints found for user ubuntu.
<14>Feb 15 10:22:39 cloud-init: #############################################################
<14>Feb 15 10:22:39 cloud-init: -----BEGIN SSH HOST KEY FINGERPRINTS-----
<14>Feb 15 10:22:39 cloud-init: 1024 SHA256:qDDLBBaOsXWWvVzaIJeNmsr9J/R6Qo6SAFPdRd3ZKz0 root@ubuntu-bionic (DSA)
<14>Feb 15 10:22:39 cloud-init: 256 SHA256:N5fLu+0RcmF1uMG6An1icDRkGJPjDvNaYkbUAg3epYM root@ubuntu-bionic (ECDSA)
<14>Feb 15 10:22:39 cloud-init: 256 SHA256:RTaRUtsoYUNtYJGBXkmM8+OTKkL4h/1K9CECaEvtgbQ root@ubuntu-bionic (ED25519)
<14>Feb 15 10:22:39 cloud-init: 2048 SHA256:E3Rk2SGQS/JVqJtZbbYRaO9gQ7SpnZakAFlN6VRjiQk root@ubuntu-bionic (RSA)
<14>Feb 15 10:22:39 cloud-init: -----END SSH HOST KEY FINGERPRINTS-----
<14>Feb 15 10:22:39 cloud-init: #############################################################
-----BEGIN SSH HOST KEY KEYS-----
ecdsa-sha2-nistp256 AAAAE2VjZHNhLXNoYTItbmlzdHAyNTYAAAAIbmlzdHAyNTYAAABBBCI97xEDJJqE+V2P/e6s5dLAxR188QEn6kIc/l77pvkZcqtxFX6NHcOZvhdkjVeh3AcCLuDpG3Ez6igYD6+Tgeo= root@ubuntu-bionic
ssh-ed25519 AAAAC3NzaC1lZDI1NTE5AAAAIKYeKnoxS52CsNrRnV/DY2Cm4fKr1AGPOvQxM7qzUUXu root@ubuntu-bionic
ssh-rsa AAAAB3NzaC1yc2EAAAADAQABAAABAQC7QuK8h0sQMH/5ONGYW1rHrk230Df2T04bVajvPxiXZBm6c9n7Thl1YnXRNmW57eP2C8NVAhSeHB3yFtEiY3n9Gh8IehHx8XAWWoIVqsTAzy50yfX1lBmjlXcZmOrU3WhPb2b2C3dWeZ66R8O9/sKbTDOlnsCcsk4wJBW0OIroPTifdae4ENJPN+HVvFf8G7qIgxG9KQaXJ2C9tCKukaoM9yxhqVuJ2JoM+EhNAfAVUi0xo4t0lonmmwPFjedfX+aphUvf0jk1WeqGyhx7Y+W/ur3S+2GjdspqkXHZiwogRLDo4QMpcg4fA08rSIUP/NErlLHDqlvpg+bu4MdumM3Z root@ubuntu-bionic
-----END SSH HOST KEY KEYS-----
[   16.917523] cloud-init[1794]: Cloud-init v. 22.4.2-0ubuntu0~18.04.1 running 'modules:final' at Wed, 15 Feb 2023 10:22:39 +0000. Up 16.74 seconds.
[   16.918926] cloud-init[1794]: Cloud-init v. 22.4.2-0ubuntu0~18.04.1 finished at Wed, 15 Feb 2023 10:22:39 +0000. Datasource DataSourceNoCloud [seed=/dev/sdb][dsmode=net].  Up 16.90 seconds

Ubuntu 18.04.6 LTS ubuntu-bionic ttyS0

ubuntu-bionic login: [[0;32m  OK  [0m] Stopped target Graphical Interface.
         Stopping Session 6 of user vagrant.
         Stopping Authorization Manager...
[[0;32m  OK  [0m] Stopped target Timers.
[[0;32m  OK  [0m] Stopped Discard unused blocks once a week.
[[0;32m  OK  [0m] Stopped Message of the Day.
[[0;32m  OK  [0m] Stopped Daily apt upgrade and clean activities.
[[0;32m  OK  [0m] Stopped Daily apt download activities.
[[0;32m  OK  [0m] Stopped Daily Cleanup of Temporary Directories.
         Stopping User Manager for UID 1000...
[[0;32m  OK  [0m] Closed Load/Save RF Kill Switch Status /dev/rfkill Watch.
         Stopping Availability of block devices...
         Stopping Daemon for generating UUIDs...
         Stopping Session 8 of user vagrant.
[[0;32m  OK  [0m] Stopped target System Time Synchronized.
         Stopping Accounts Service...
[[0;32m  OK  [0m] Stopped target Host and Network Name Lookups.
[[0;32m  OK  [0m] Stopped target Cloud-init target.
[[0;32m  OK  [0m] Stopped Execute cloud user/final scripts.
[[0;32m  OK  [0m] Stopped Apply the settings specified in cloud-config.
[[0;32m  OK  [0m] Stopped target Cloud-config availability.
[[0;32m  OK  [0m] Stopped target Multi-User System.
         Stopping D-Bus System Message Bus...
         Stopping LXD - container startup/shutdown...
         Stopping Unattended Upgrades Shutdown...
[[0;32m  OK  [0m] Stopped Wait until snapd is fully seeded.
         Stopping LSB: automatic crash report generation...
         Stopping OpenBSD Secure Shell server...
         Stopping LSB: Record successful boot for GRUB...
         Stopping Dispatcher daemon for systemd-networkd...
         Stopping Deferred execution scheduler...
         Stopping Regular background program processing daemon...
         Stopping FUSE filesystem for LXC...
[[0;32m  OK  [0m] Stopped target Login Prompts.
         
         Stopping Advanced key-value store...
         Stopping irqbalance daemon...
         Stopping System Logging Service...
[[0;32m  OK  [0m] Stopped Ubuntu Advantage Timer for running repeated jobs.
         Stopping Virtualbox guest utils...
[[0;32m  OK  [0m] Unmounted /var/lib/lxcfs.
[[0;32m  OK  [0m] Stopped System Logging Service.
[[0;32m  OK  [0m] Stopped Deferred execution scheduler.
[[0;32m  OK  [0m] Stopped Regular background program processing daemon.
[[0;32m  OK  [0m] Stopped Dispatcher daemon for systemd-networkd.
[[0;32m  OK  [0m] Stopped Accounts Service.
[[0;32m  OK  [0m] Stopped irqbalance daemon.
[[0;32m  OK  [0m] Stopped Serial Getty on ttyS0.
[[0;32m  OK  [0m] Stopped Getty on tty1.
[[0;32m  OK  [0m] Stopped Unattended Upgrades Shutdown.
[[0;32m  OK  [0m] Stopped Authorization Manager.
[[0;32m  OK  [0m] Stopped OpenBSD Secure Shell server.
[[0;32m  OK  [0m] Stopped User Manager for UID 1000.
[[0;32m  OK  [0m] Stopped Daemon for generating UUIDs.
[[0;32m  OK  [0m] Stopped Availability of block devices.
[[0;32m  OK  [0m] Stopped D-Bus System Message Bus.
[[0;32m  OK  [0m] Stopped FUSE filesystem for LXC.
[[0;32m  OK  [0m] Stopped Session 8 of user vagrant.
[[0;32m  OK  [0m] Stopped Session 6 of user vagrant.
[[0;32m  OK  [0m] Stopped LSB: Record successful boot for GRUB.
[[0;32m  OK  [0m] Stopped LXD - container startup/shutdown.
[[0;32m  OK  [0m] Removed slice User Slice of vagrant.
         Stopping Login Service...
[[0;32m  OK  [0m] Removed slice system-getty.slice.
[[0;32m  OK  [0m] Removed slice system-serial\x2dgetty.slice.
         Stopping Permit User Sessions...
[[0;32m  OK  [0m] Stopped target Login Prompts (Pre).
[[0;32m  OK  [0m] Stopped Permit User Sessions.
[[0;32m  OK  [0m] Stopped LSB: automatic crash report generation.
[[0;32m  OK  [0m] Stopped target Remote File Systems.
         Unmounting /vagrant...
         Unmounting /opt/devops_challenge_app...
[[0;32m  OK  [0m] Stopped Advanced key-value store.
[[0;32m  OK  [0m] Unmounted /vagrant.
[[0;32m  OK  [0m] Stopped Virtualbox guest utils.
[[0;32m  OK  [0m] Unmounted /opt/devops_challenge_app.
[[0;32m  OK  [0m] Stopped target Network is Online.
[[0;32m  OK  [0m] Stopped target Network.
         Stopping Network Name Resolution...
[[0;32m  OK  [0m] Stopped target Remote File Systems (Pre).
[[0;32m  OK  [0m] Stopped Login Service.
[[0;32m  OK  [0m] Stopped target Basic System.
[[0;32m  OK  [0m] Stopped target Slices.
[[0;32m  OK  [0m] Stopped target Paths.
[[0;32m  OK  [0m] Stopped ACPI Events Check.
[[0;32m  OK  [0m] Stopped target Sockets.
[[0;32m  OK  [0m] Closed UUID daemon activation socket.
[[0;32m  OK  [0m] Closed Open-iSCSI iscsid Socket.
[[0;32m  OK  [0m] Closed Socket activation for snappy daemon.
[[0;32m  OK  [0m] Closed cloud-init hotplug hook socket.
[[0;32m  OK  [0m] Closed LXD - unix socket.
[[0;32m  OK  [0m] Closed Syslog Socket.
[[0;32m  OK  [0m] Closed ACPID Listen Socket.
[[0;32m  OK  [0m] Stopped target User and Group Name Lookups.
[[0;32m  OK  [0m] Closed D-Bus System Message Bus Socket.
[[0;32m  OK  [0m] Stopped target System Initialization.
[[0;32m  OK  [0m] Stopped Initial cloud-init job (metadata service crawler).
[[0;32m  OK  [0m] Stopped Wait for Network to be Configured.
         Stopping Update UTMP about System Boot/Shutdown...
[[0;32m  OK  [0m] Stopped Commit a transient machine-id on disk.
[[0;32m  OK  [0m] Stopped target Local Encrypted Volumes.
[[0;32m  OK  [0m] Stopped Forward Password Requests to Wall Directory Watch.
[[0;32m  OK  [0m] Stopped Dispatch Password Requests to Console Directory Watch.
         Stopping Load/Save Random Seed...
[[0;32m  OK  [0m] Removed slice User and Session Slice.
[[0;32m  OK  [0m] Stopped Network Name Resolution.
         Stopping Network Service...
[[0;32m  OK  [0m] Stopped Update UTMP about System Boot/Shutdown.
[[0;32m  OK  [0m] Stopped Create Volatile Files and Directories.
[[0;32m  OK  [0m] Stopped target Local File Systems.
         Unmounting /run/user/1000...
[[0;32m  OK  [0m] Stopped target Mounted snaps.
[[0;32m  OK  [0m] Stopped target Mounting snaps.
[[0;32m  OK  [0m] Stopped Load/Save Random Seed.
[[0;32m  OK  [0m] Stopped Network Service.
[[0;32m  OK  [0m] Unmounted /run/user/1000.
[[0;32m  OK  [0m] Reached target Unmount All Filesystems.
[[0;32m  OK  [0m] Stopped target Swap.
[[0;32m  OK  [0m] Stopped target Local File Systems (Pre).
         Stopping Monitoring of LVM2 mirrors…ng dmeventd or progress polling...
[[0;32m  OK  [0m] Stopped Create Static Device Nodes in /dev.
[[0;32m  OK  [0m] Stopped target Network (Pre).
[[0;32m  OK  [0m] Stopped Initial cloud-init job (pre-networking).
[[0;32m  OK  [0m] Stopped Remount Root and Kernel File Systems.
[[0;32m  OK  [0m] Stopped Apply Kernel Variables.
[[0;32m  OK  [0m] Stopped Load Kernel Modules.
[[0;32m  OK  [0m] Reached target Shutdown.
[[0;32m  OK  [0m] Reached target Final Step.
         Starting Reboot...
[[0;32m  OK  [0m] Stopped Monitoring of LVM2 mirrors,…sing dmeventd or progress polling.
         Stopping LVM2 metadata daemon...
[[0;32m  OK  [0m] Stopped LVM2 metadata daemon.
[13805.987831] reboot: Restarting system
[    0.000000] Linux version 4.15.0-204-generic (buildd@lcy02-amd64-030) (gcc version 7.5.0 (Ubuntu 7.5.0-3ubuntu1~18.04)) #215-Ubuntu SMP Fri Jan 20 18:24:59 UTC 2023 (Ubuntu 4.15.0-204.215-generic 4.15.18)
[    0.000000] Command line: BOOT_IMAGE=/boot/vmlinuz-4.15.0-204-generic root=LABEL=cloudimg-rootfs ro console=tty1 console=ttyS0
[    0.000000] KERNEL supported cpus:
[    0.000000]   Intel GenuineIntel
[    0.000000]   AMD AuthenticAMD
[    0.000000]   Centaur CentaurHauls
[    0.000000] x86/fpu: Supporting XSAVE feature 0x001: 'x87 floating point registers'
[    0.000000] x86/fpu: Supporting XSAVE feature 0x002: 'SSE registers'
[    0.000000] x86/fpu: Supporting XSAVE feature 0x004: 'AVX registers'
[    0.000000] x86/fpu: xstate_offset[2]:  576, xstate_sizes[2]:  256
[    0.000000] x86/fpu: Enabled xstate features 0x7, context size is 832 bytes, using 'standard' format.
[    0.000000] e820: BIOS-provided physical RAM map:
[    0.000000] BIOS-e820: [mem 0x0000000000000000-0x000000000009fbff] usable
[    0.000000] BIOS-e820: [mem 0x000000000009fc00-0x000000000009ffff] reserved
[    0.000000] BIOS-e820: [mem 0x00000000000f0000-0x00000000000fffff] reserved
[    0.000000] BIOS-e820: [mem 0x0000000000100000-0x000000007ffeffff] usable
[    0.000000] BIOS-e820: [mem 0x000000007fff0000-0x000000007fffffff] ACPI data
[    0.000000] BIOS-e820: [mem 0x00000000fec00000-0x00000000fec00fff] reserved
[    0.000000] BIOS-e820: [mem 0x00000000fee00000-0x00000000fee00fff] reserved
[    0.000000] BIOS-e820: [mem 0x00000000fffc0000-0x00000000ffffffff] reserved
[    0.000000] NX (Execute Disable) protection: active
[    0.000000] SMBIOS 2.5 present.
[    0.000000] DMI: innotek GmbH VirtualBox/VirtualBox, BIOS VirtualBox 12/01/2006
[    0.000000] Hypervisor detected: KVM
[    0.000000] e820: last_pfn = 0x7fff0 max_arch_pfn = 0x400000000
[    0.000000] MTRR: Disabled
[    0.000000] x86/PAT: MTRRs disabled, skipping PAT initialization too.
[    0.000000] CPU MTRRs all blank - virtualized system.
[    0.000000] x86/PAT: Configuration [0-7]: WB  WT  UC- UC  WB  WT  UC- UC  
[    0.000000] found SMP MP-table at [mem 0x0009fff0-0x0009ffff]
[    0.000000] Scanning 1 areas for low memory corruption
[    0.000000] RAMDISK: [mem 0x359cb000-0x36cdcfff]
[    0.000000] ACPI: Early table checksum verification disabled
[    0.000000] ACPI: RSDP 0x00000000000E0000 000024 (v02 VBOX  )
[    0.000000] ACPI: XSDT 0x000000007FFF0030 00003C (v01 VBOX   VBOXXSDT 00000001 ASL  00000061)
[    0.000000] ACPI: FACP 0x000000007FFF00F0 0000F4 (v04 VBOX   VBOXFACP 00000001 ASL  00000061)
[    0.000000] ACPI: DSDT 0x000000007FFF0470 002325 (v02 VBOX   VBOXBIOS 00000002 INTL 20190509)
[    0.000000] ACPI: FACS 0x000000007FFF0200 000040
[    0.000000] ACPI: FACS 0x000000007FFF0200 000040
[    0.000000] ACPI: APIC 0x000000007FFF0240 00005C (v02 VBOX   VBOXAPIC 00000001 ASL  00000061)
[    0.000000] ACPI: SSDT 0x000000007FFF02A0 0001CC (v01 VBOX   VBOXCPUT 00000002 INTL 20190509)
[    0.000000] ACPI: Reserving FACP table memory at [mem 0x7fff00f0-0x7fff01e3]
[    0.000000] ACPI: Reserving DSDT table memory at [mem 0x7fff0470-0x7fff2794]
[    0.000000] ACPI: Reserving FACS table memory at [mem 0x7fff0200-0x7fff023f]
[    0.000000] ACPI: Reserving FACS table memory at [mem 0x7fff0200-0x7fff023f]
[    0.000000] ACPI: Reserving APIC table memory at [mem 0x7fff0240-0x7fff029b]
[    0.000000] ACPI: Reserving SSDT table memory at [mem 0x7fff02a0-0x7fff046b]
[    0.000000] No NUMA configuration found
[    0.000000] Faking a node at [mem 0x0000000000000000-0x000000007ffeffff]
[    0.000000] NODE_DATA(0) allocated [mem 0x7ffc5000-0x7ffeffff]
[    0.000000] kvm-clock: cpu 0, msr 0:7ff44001, primary cpu clock
[    0.000000] kvm-clock: Using msrs 4b564d01 and 4b564d00
[    0.000000] kvm-clock: using sched offset of 3589101968 cycles
[    0.000000] clocksource: kvm-clock: mask: 0xffffffffffffffff max_cycles: 0x1cd42e4dffb, max_idle_ns: 881590591483 ns
[    0.000000] Zone ranges:
[    0.000000]   DMA      [mem 0x0000000000001000-0x0000000000ffffff]
[    0.000000]   DMA32    [mem 0x0000000001000000-0x000000007ffeffff]
[    0.000000]   Normal   empty
[    0.000000]   Device   empty
[    0.000000] Movable zone start for each node
[    0.000000] Early memory node ranges
[    0.000000]   node   0: [mem 0x0000000000001000-0x000000000009efff]
[    0.000000]   node   0: [mem 0x0000000000100000-0x000000007ffeffff]
[    0.000000] Reserved but unavailable: 104 pages
[    0.000000] Initmem setup node 0 [mem 0x0000000000001000-0x000000007ffeffff]
[    0.000000] ACPI: PM-Timer IO Port: 0x4008
[    0.000000] IOAPIC[0]: apic_id 2, version 32, address 0xfec00000, GSI 0-23
[    0.000000] ACPI: INT_SRC_OVR (bus 0 bus_irq 0 global_irq 2 dfl dfl)
[    0.000000] ACPI: INT_SRC_OVR (bus 0 bus_irq 9 global_irq 9 low level)
[    0.000000] Using ACPI (MADT) for SMP configuration information
[    0.000000] smpboot: Allowing 2 CPUs, 0 hotplug CPUs
[    0.000000] PM: Registered nosave memory: [mem 0x00000000-0x00000fff]
[    0.000000] PM: Registered nosave memory: [mem 0x0009f000-0x0009ffff]
[    0.000000] PM: Registered nosave memory: [mem 0x000a0000-0x000effff]
[    0.000000] PM: Registered nosave memory: [mem 0x000f0000-0x000fffff]
[    0.000000] e820: [mem 0x80000000-0xfebfffff] available for PCI devices
[    0.000000] Booting paravirtualized kernel on KVM
[    0.000000] clocksource: refined-jiffies: mask: 0xffffffff max_cycles: 0xffffffff, max_idle_ns: 7645519600211568 ns
[    0.000000] setup_percpu: NR_CPUS:8192 nr_cpumask_bits:2 nr_cpu_ids:2 nr_node_ids:1
[    0.000000] percpu: Embedded 50 pages/cpu s167936 r8192 d28672 u1048576
[    0.000000] PV qspinlock hash table entries: 256 (order: 0, 4096 bytes)
[    0.000000] Built 1 zonelists, mobility grouping on.  Total pages: 515961
[    0.000000] Policy zone: DMA32
[    0.000000] Kernel command line: BOOT_IMAGE=/boot/vmlinuz-4.15.0-204-generic root=LABEL=cloudimg-rootfs ro console=tty1 console=ttyS0
[    0.000000] Memory: 2014836K/2096696K available (12300K kernel code, 2477K rwdata, 4324K rodata, 2480K init, 2720K bss, 81860K reserved, 0K cma-reserved)
[    0.000000] SLUB: HWalign=64, Order=0-3, MinObjects=0, CPUs=2, Nodes=1
[    0.000000] Kernel/User page tables isolation: enabled
[    0.000000] ftrace: allocating 39488 entries in 155 pages
[    0.004000] Hierarchical RCU implementation.
[    0.004000] 	RCU restricting CPUs from NR_CPUS=8192 to nr_cpu_ids=2.
[    0.004000] 	Tasks RCU enabled.
[    0.004000] RCU: Adjusting geometry for rcu_fanout_leaf=16, nr_cpu_ids=2
[    0.004000] NR_IRQS: 524544, nr_irqs: 440, preallocated irqs: 16
[    0.004000] random: crng init done
[    0.004000] Console: colour VGA+ 80x25
[    0.004000] console [tty1] enabled
[    0.004000] console [ttyS0] enabled
[    0.004000] ACPI: Core revision 20170831
[    0.004000] ACPI: 2 ACPI AML tables successfully acquired and loaded
[    0.004000] APIC: Switch to symmetric I/O mode setup
[    0.004000] x2apic enabled
[    0.004000] Switched APIC routing to physical x2apic.
[    0.004000] ..TIMER: vector=0x30 apic1=0 pin1=2 apic2=-1 pin2=-1
[    0.004000] tsc: Detected 1804.799 MHz processor
[    0.004014] Calibrating delay loop (skipped) preset value.. 3609.59 BogoMIPS (lpj=7219196)
[    0.005100] pid_max: default: 32768 minimum: 301
[    0.005755] Security Framework initialized
[    0.006320] Yama: becoming mindful.
[    0.006832] AppArmor: AppArmor initialized
[    0.008153] Dentry cache hash table entries: 262144 (order: 9, 2097152 bytes)
[    0.009437] Inode-cache hash table entries: 131072 (order: 8, 1048576 bytes)
[    0.010374] Mount-cache hash table entries: 4096 (order: 3, 32768 bytes)
[    0.011225] Mountpoint-cache hash table entries: 4096 (order: 3, 32768 bytes)
[    0.012295] Last level iTLB entries: 4KB 0, 2MB 0, 4MB 0
[    0.012987] Last level dTLB entries: 4KB 0, 2MB 0, 4MB 0, 1GB 0
[    0.013776] Spectre V1 : Mitigation: usercopy/swapgs barriers and __user pointer sanitization
[    0.014872] Spectre V2 : Mitigation: Retpolines
[    0.016001] Spectre V2 : Spectre v2 / SpectreRSB mitigation: Filling RSB on context switch
[    0.017066] Spectre V2 : Spectre v2 / SpectreRSB : Filling RSB on VMEXIT
[    0.017910] Speculative Store Bypass: Vulnerable
[    0.018571] MDS: Mitigation: Clear CPU buffers
[    0.019366] Freeing SMP alternatives memory: 36K
[    0.131221] smpboot: CPU0: 11th Gen Intel(R) Core(TM) i7-1185G7 @ 3.00GHz (family: 0x6, model: 0x8c, stepping: 0x1)
[    0.132000] Performance Events: unsupported p6 CPU model 140 no PMU driver, software events only.
[    0.132000] Hierarchical SRCU implementation.
[    0.132320] NMI watchdog: Perf event create on CPU 0 failed with -2
[    0.133129] NMI watchdog: Perf NMI watchdog permanently disabled
[    0.133985] smp: Bringing up secondary CPUs ...
[    0.134671] x86: Booting SMP configuration:
[    0.135248] .... node  #0, CPUs:      #1
[    0.004000] kvm-clock: cpu 1, msr 0:7ff44041, secondary cpu clock
[    0.138786] smp: Brought up 1 node, 2 CPUs
[    0.138786] smpboot: Max logical packages: 1
[    0.140004] smpboot: Total of 2 processors activated (7219.19 BogoMIPS)
[    0.141016] devtmpfs: initialized
[    0.141016] x86/mm: Memory block size: 128MB
[    0.141297] evm: security.selinux
[    0.141776] evm: security.SMACK64
[    0.142233] evm: security.SMACK64EXEC
[    0.142727] evm: security.SMACK64TRANSMUTE
[    0.144002] evm: security.SMACK64MMAP
[    0.144497] evm: security.apparmor
[    0.144968] evm: security.ima
[    0.145388] evm: security.capability
[    0.145903] clocksource: jiffies: mask: 0xffffffff max_cycles: 0xffffffff, max_idle_ns: 7645041785100000 ns
[    0.145903] futex hash table entries: 512 (order: 3, 32768 bytes)
[    0.148043] pinctrl core: initialized pinctrl subsystem
[    0.148853] RTC time: 14:12:32, date: 02/15/23
[    0.149667] NET: Registered protocol family 16
[    0.150383] audit: initializing netlink subsys (disabled)
[    0.152010] audit: type=2000 audit(1676470357.542:1): state=initialized audit_enabled=0 res=1
[    0.153242] cpuidle: using governor ladder
[    0.153242] cpuidle: using governor menu
[    0.153242] ACPI: bus type PCI registered
[    0.153706] acpiphp: ACPI Hot Plug PCI Controller Driver version: 0.5
[    0.154590] PCI: Using configuration type 1 for base access
[    0.156909] HugeTLB registered 2.00 MiB page size, pre-allocated 0 pages
[    0.156909] ACPI: Added _OSI(Module Device)
[    0.156909] ACPI: Added _OSI(Processor Device)
[    0.160006] ACPI: Added _OSI(3.0 _SCP Extensions)
[    0.160645] ACPI: Added _OSI(Processor Aggregator Device)
[    0.161359] ACPI: Added _OSI(Linux-Dell-Video)
[    0.161953] ACPI: Added _OSI(Linux-Lenovo-NV-HDMI-Audio)
[    0.162649] ACPI: Added _OSI(Linux-HPI-Hybrid-Graphics)
[    0.163580] ACPI: Executed 1 blocks of module-level executable AML code
[    0.166676] ACPI: Interpreter enabled
[    0.168011] ACPI: (supports S0 S5)
[    0.168502] ACPI: Using IOAPIC for interrupt routing
[    0.169378] PCI: Using host bridge windows from ACPI; if necessary, use "pci=nocrs" and report a bug
[    0.170722] ACPI: Enabled 2 GPEs in block 00 to 07
[    0.176031] ACPI: PCI Root Bridge [PCI0] (domain 0000 [bus 00-ff])
[    0.176864] acpi PNP0A03:00: _OSC: OS supports [ASPM ClockPM Segments MSI]
[    0.178168] acpi PNP0A03:00: _OSC: not requesting OS control; OS requires [ExtendedConfig ASPM ClockPM MSI]
[    0.179491] acpi PNP0A03:00: fail to add MMCONFIG information, can't access extended PCI configuration space under this bridge.
[    0.180289] PCI host bridge to bus 0000:00
[    0.180879] pci_bus 0000:00: root bus resource [io  0x0000-0x0cf7 window]
[    0.181778] pci_bus 0000:00: root bus resource [io  0x0d00-0xffff window]
[    0.182673] pci_bus 0000:00: root bus resource [mem 0x000a0000-0x000bffff window]
[    0.184002] pci_bus 0000:00: root bus resource [mem 0x80000000-0xfdffffff window]
[    0.185605] pci_bus 0000:00: root bus resource [bus 00-ff]
[    0.188390] pci 0000:00:01.1: legacy IDE quirk: reg 0x10: [io  0x01f0-0x01f7]
[    0.189394] pci 0000:00:01.1: legacy IDE quirk: reg 0x14: [io  0x03f6]
[    0.190293] pci 0000:00:01.1: legacy IDE quirk: reg 0x18: [io  0x0170-0x0177]
[    0.191284] pci 0000:00:01.1: legacy IDE quirk: reg 0x1c: [io  0x0376]
[    0.205575] pci 0000:00:07.0: quirk: [io  0x4000-0x403f] claimed by PIIX4 ACPI
[    0.206709] pci 0000:00:07.0: quirk: [io  0x4100-0x410f] claimed by PIIX4 SMB
[    0.212981] ACPI: PCI Interrupt Link [LNKA] (IRQs 5 9 10 *11)
[    0.214002] ACPI: PCI Interrupt Link [LNKB] (IRQs 5 9 *10 11)
[    0.214838] ACPI: PCI Interrupt Link [LNKC] (IRQs 5 *9 10 11)
[    0.215671] ACPI: PCI Interrupt Link [LNKD] (IRQs 5 9 10 *11)
[    0.216355] SCSI subsystem initialized
[    0.216949] pci 0000:00:02.0: vgaarb: setting as boot VGA device
[    0.216949] pci 0000:00:02.0: vgaarb: VGA device added: decodes=io+mem,owns=io+mem,locks=none
[    0.217946] pci 0000:00:02.0: vgaarb: bridge control possible
[    0.220014] vgaarb: loaded
[    0.220451] ACPI: bus type USB registered
[    0.221012] usbcore: registered new interface driver usbfs
[    0.221728] usbcore: registered new interface driver hub
[    0.222450] usbcore: registered new device driver usb
[    0.223205] EDAC MC: Ver: 3.0.0
[    0.224091] PCI: Using ACPI for IRQ routing
[    0.224836] NetLabel: Initializing
[    0.225353] NetLabel:  domain hash size = 128
[    0.225942] NetLabel:  protocols = UNLABELED CIPSOv4 CALIPSO
[    0.226688] NetLabel:  unlabeled traffic allowed by default
[    0.227434] clocksource: Switched to clocksource kvm-clock
[    0.233672] VFS: Disk quotas dquot_6.6.0
[    0.234309] VFS: Dquot-cache hash table entries: 512 (order 0, 4096 bytes)
[    0.235363] AppArmor: AppArmor Filesystem Enabled
[    0.236057] pnp: PnP ACPI init
[    0.237319] pnp: PnP ACPI: found 3 devices
[    0.245497] clocksource: acpi_pm: mask: 0xffffff max_cycles: 0xffffff, max_idle_ns: 2085701024 ns
[    0.247334] NET: Registered protocol family 2
[    0.248008] IP idents hash table entries: 32768 (order: 6, 262144 bytes)
[    0.249137] TCP established hash table entries: 16384 (order: 5, 131072 bytes)
[    0.250155] TCP bind hash table entries: 16384 (order: 6, 262144 bytes)
[    0.251330] TCP: Hash tables configured (established 16384 bind 16384)
[    0.252256] UDP hash table entries: 1024 (order: 3, 32768 bytes)
[    0.253049] UDP-Lite hash table entries: 1024 (order: 3, 32768 bytes)
[    0.253929] NET: Registered protocol family 1
[    0.254537] pci 0000:00:00.0: Limiting direct PCI/PCI transfers
[    0.255309] pci 0000:00:01.0: Activating ISA DMA hang workarounds
[    0.256127] pci 0000:00:02.0: Video device with shadowed ROM at [mem 0x000c0000-0x000dffff]
[    0.257289] Unpacking initramfs...
[    0.513061] Freeing initrd memory: 19528K
[    0.513831] clocksource: tsc: mask: 0xffffffffffffffff max_cycles: 0x1a03dee96fa, max_idle_ns: 440795213645 ns
[    0.515245] platform rtc_cmos: registered platform RTC device (no PNP device found)
[    0.516346] Scanning for low memory corruption every 60 seconds
[    0.517698] Initialise system trusted keyrings
[    0.518363] Key type blacklist registered
[    0.519682] workingset: timestamp_bits=36 max_order=19 bucket_order=0
[    0.521458] zbud: loaded
[    0.522264] squashfs: version 4.0 (2009/01/31) Phillip Lougher
[    0.523276] fuse init (API version 7.26)
[    0.525308] Key type asymmetric registered
[    0.525992] Asymmetric key parser 'x509' registered
[    0.526733] Block layer SCSI generic (bsg) driver version 0.4 loaded (major 246)
[    0.527853] io scheduler noop registered
[    0.528461] io scheduler deadline registered
[    0.529102] io scheduler cfq registered (default)
[    0.530090] ACPI: AC Adapter [AC] (off-line)
[    0.530720] input: Power Button as /devices/LNXSYSTM:00/LNXPWRBN:00/input/input0
[    0.531785] ACPI: Power Button [PWRF]
[    0.532384] input: Sleep Button as /devices/LNXSYSTM:00/LNXSLPBN:00/input/input1
[    0.533391] ACPI: Sleep Button [SLPF]
[    0.534661] ACPI: Battery Slot [BAT0] (battery present)
[    0.535528] Serial: 8250/16550 driver, 32 ports, IRQ sharing enabled
[    0.557394] 00:02: ttyS0 at I/O 0x3f8 (irq = 4, base_baud = 115200) is a 16550A
[    0.560810] Linux agpgart interface v0.103
[    0.562739] loop: module loaded
[    0.563743] scsi host0: ata_piix
[    0.564335] scsi host1: ata_piix
[    0.564827] ata1: PATA max UDMA/33 cmd 0x1f0 ctl 0x3f6 bmdma 0xd000 irq 14
[    0.565724] ata2: PATA max UDMA/33 cmd 0x170 ctl 0x376 bmdma 0xd008 irq 15
[    0.566999] tun: Universal TUN/TAP device driver, 1.6
[    0.567729] PPP generic driver version 2.4.2
[    0.568396] ehci_hcd: USB 2.0 'Enhanced' Host Controller (EHCI) Driver
[    0.569295] ehci-pci: EHCI PCI platform driver
[    0.569933] ehci-platform: EHCI generic platform driver
[    0.570619] ohci_hcd: USB 1.1 'Open' Host Controller (OHCI) Driver
[    0.571409] ohci-pci: OHCI PCI platform driver
[    0.572010] ohci-platform: OHCI generic platform driver
[    0.572734] uhci_hcd: USB Universal Host Controller Interface driver
[    0.573598] i8042: PNP: PS/2 Controller [PNP0303:PS2K,PNP0f03:PS2M] at 0x60,0x64 irq 1,12
[    0.575097] serio: i8042 KBD port at 0x60,0x64 irq 1
[    0.575797] serio: i8042 AUX port at 0x60,0x64 irq 12
[    0.576652] mousedev: PS/2 mouse device common for all mice
[    0.577949] input: AT Translated Set 2 keyboard as /devices/platform/i8042/serio0/input/input2
[    0.579168] rtc_cmos rtc_cmos: rtc core: registered rtc_cmos as rtc0
[    0.580190] rtc_cmos rtc_cmos: alarms up to one day, 114 bytes nvram
[    0.581013] i2c /dev entries driver
[    0.581558] device-mapper: uevent: version 1.0.3
[    0.582269] device-mapper: ioctl: 4.37.0-ioctl (2017-09-20) initialised: dm-devel@redhat.com
[    0.583413] ledtrig-cpu: registered to indicate activity on CPUs
[    0.584481] NET: Registered protocol family 10
[    0.588470] Segment Routing with IPv6
[    0.589211] NET: Registered protocol family 17
[    0.589986] Key type dns_resolver registered
[    0.590724] mce: Using 0 MCE banks
[    0.591221] RAS: Correctable Errors collector initialized.
[    0.591962] sched_clock: Marking stable (590702202, 0)->(724765165, -134062963)
[    0.593270] registered taskstats version 1
[    0.593843] Loading compiled-in X.509 certificates
[    0.596503] Loaded X.509 cert 'Build time autogenerated kernel key: 449f52b446813ee48ad446aa51a5377584e80c28'
[    0.598320] Loaded X.509 cert 'Canonical Ltd. Live Patch Signing: 14df34d1a87cf37625abec039ef2bf521249b969'
[    0.600078] Loaded X.509 cert 'Canonical Ltd. Kernel Module Signing: 88f752e560a1e0737e31163a466ad7b70a850c19'
[    0.601336] blacklist: Loading compiled-in revocation X.509 certificates
[    0.602264] Loaded X.509 cert 'Canonical Ltd. Secure Boot Signing: 61482aa2830d0ab2ad5af10b7250da9033ddcef0'
[    0.603573] Loaded X.509 cert 'Canonical Ltd. Secure Boot Signing (2017): 242ade75ac4a15e50d50c84b0d45ff3eae707a03'
[    0.604918] Loaded X.509 cert 'Canonical Ltd. Secure Boot Signing (ESM 2018): 365188c1d374d6b07c3c8f240f8ef722433d6a8b'
[    0.606298] Loaded X.509 cert 'Canonical Ltd. Secure Boot Signing (2019): c0746fd6c5da3ae827864651ad66ae47fe24b3e8'
[    0.607634] Loaded X.509 cert 'Canonical Ltd. Secure Boot Signing (2021 v1): a8d54bbb3825cfb94fa13c9f8a594a195c107b8d'
[    0.609067] Loaded X.509 cert 'Canonical Ltd. Secure Boot Signing (2021 v2): 4cf046892d6fd3c9a5b03f98d845f90851dc6a8c'
[    0.615921] Loaded X.509 cert 'Canonical Ltd. Secure Boot Signing (2021 v3): 100437bb6de6e469b581e61cd66bce3ef4ed53af'
[    0.617418] Loaded X.509 cert 'Canonical Ltd. Secure Boot Signing (Ubuntu Core 2019): c1d57b8f6b743f23ee41f4f7ee292f06eecadfb9'
[    0.618910] zswap: loaded using pool lzo/zbud
[    0.623651] Key type big_key registered
[    0.624342] Key type trusted registered
[    0.626625] Key type encrypted registered
[    0.627254] AppArmor: AppArmor sha1 policy hashing enabled
[    0.628039] ima: No TPM chip found, activating TPM-bypass! (rc=-19)
[    0.628835] ima: Allocated hash algorithm: sha1
[    0.629444] evm: HMAC attrs: 0x1
[    0.630065]   Magic number: 11:753:232
[    0.630701] rtc_cmos rtc_cmos: setting system clock to 2023-02-15 14:12:32 UTC (1676470352)
[    0.631946] BIOS EDD facility v0.16 2004-Jun-25, 0 devices found
[    0.632766] EDD information not available.
[    0.750698] Freeing unused kernel image memory: 2480K
[    0.917528] Write protecting the kernel read-only data: 20480k
[    0.919210] Freeing unused kernel image memory: 2008K
[    0.920337] Freeing unused kernel image memory: 1820K
[    0.925533] x86/mm: Checked W+X mappings: passed, no W+X pages found.
[    0.926381] x86/mm: Checking user space page tables
[    0.931290] x86/mm: Checked W+X mappings: passed, no W+X pages found.
Loading, please wait...
starting version 237
[    1.009693] Fusion MPT base driver 3.04.20
[    1.010525] Copyright (c) 1999-2008 LSI Corporation
[    1.013680] e1000: Intel(R) PRO/1000 Network Driver - version 7.3.21-k8-NAPI
[    1.014890] e1000: Copyright (c) 1999-2006 Intel Corporation.
[    1.026116] AVX2 version of gcm_enc/dec engaged.
[    1.026814] AES CTR mode by8 optimization enabled
[    1.029331] Fusion MPT SPI Host driver 3.04.20
[    1.218037] input: ImExPS/2 Generic Explorer Mouse as /devices/platform/i8042/serio1/input/input4
[    1.405457] e1000 0000:00:03.0 eth0: (PCI:33MHz:32-bit) 02:1d:71:e8:cf:d1
[    1.406937] e1000 0000:00:03.0 eth0: Intel(R) PRO/1000 Network Connection
[    1.409043] mptbase: ioc0: Initiating bringup
[    1.410873] e1000 0000:00:03.0 enp0s3: renamed from eth0
[    1.512467] ioc0: LSI53C1030 A0: Capabilities={Initiator}
[    1.761932] scsi host2: ioc0: LSI53C1030 A0, FwRev=00000000h, Ports=1, MaxQ=256, IRQ=20
[    1.929150] scsi 2:0:0:0: Direct-Access     VBOX     HARDDISK         1.0  PQ: 0 ANSI: 5
[    2.946037] scsi target2:0:0: Beginning Domain Validation
[    2.947595] scsi target2:0:0: Domain Validation skipping write tests
[    2.948454] scsi target2:0:0: Ending Domain Validation
[    2.949161] scsi target2:0:0: asynchronous
[    2.949979] scsi 2:0:1:0: Direct-Access     VBOX     HARDDISK         1.0  PQ: 0 ANSI: 5
[    3.535872] scsi target2:0:1: Beginning Domain Validation
[    3.537660] scsi target2:0:1: Domain Validation skipping write tests
[    3.538723] scsi target2:0:1: Ending Domain Validation
[    3.539569] scsi target2:0:1: asynchronous
[    3.542581] sd 2:0:0:0: Attached scsi generic sg0 type 0
[    3.543587] sd 2:0:0:0: [sda] 83886080 512-byte logical blocks: (42.9 GB/40.0 GiB)
[    3.543894] sd 2:0:1:0: Attached scsi generic sg1 type 0
[    3.545903] sd 2:0:0:0: [sda] Write Protect is off
[    3.546764] sd 2:0:1:0: [sdb] 20480 512-byte logical blocks: (10.5 MB/10.0 MiB)
[    3.547803] sd 2:0:0:0: [sda] Incomplete mode parameter data
[    3.548611] sd 2:0:0:0: [sda] Assuming drive cache: write through
[    3.549477] sd 2:0:1:0: [sdb] Write Protect is off
[    3.550560] sd 2:0:1:0: [sdb] Incomplete mode parameter data
[    3.551461] sd 2:0:1:0: [sdb] Assuming drive cache: write through
[    3.563086]  sda: sda1
[    3.564317] sd 2:0:0:0: [sda] Attached SCSI disk
[    3.565388] sd 2:0:1:0: [sdb] Attached SCSI disk
Begin: Loading essential drivers ... [    4.967421] raid6: sse2x1   gen() 13976 MB/s
[    5.021280] raid6: sse2x1   xor()  9632 MB/s
[    5.068404] raid6: sse2x2   gen() 14939 MB/s
[    5.124392] raid6: sse2x2   xor() 12443 MB/s
[    5.172453] raid6: sse2x4   gen() 17541 MB/s
[    5.227990] raid6: sse2x4   xor() 11760 MB/s
[    5.285017] raid6: avx2x1   gen() 30383 MB/s
[    5.335747] raid6: avx2x1   xor() 15547 MB/s
[    5.389148] raid6: avx2x2   gen() 35000 MB/s
[    5.447914] raid6: avx2x2   xor() 26352 MB/s
[    5.503790] raid6: avx2x4   gen() 36578 MB/s
[    5.557180] raid6: avx2x4   xor() 18630 MB/s
[    5.557873] raid6: using algorithm avx2x4 gen() 36578 MB/s
[    5.558601] raid6: .... xor() 18630 MB/s, rmw enabled
[    5.559282] raid6: using avx2x2 recovery algorithm
[    5.560959] xor: automatically using best checksumming function   avx       
[    5.562851] async_tx: api initialized (async)
done.
Begin: Running /scripts/init-premount ... done.
Begin: Mounting root file system ... Begin: Running /scripts/local-top ... done.
Begin: Running /scripts/local-premount ... [    5.603826] Btrfs loaded, crc32c=crc32c-intel
Scanning for Btrfs filesystems
done.
Warning: fsck not present, so skipping root file system
[    5.642718] EXT4-fs (sda1): mounted filesystem with ordered data mode. Opts: (null)
done.
Begin: Running /scripts/local-bottom ... done.
Begin: Running /scripts/init-bottom ... done.
[    5.772769] ip_tables: (C) 2000-2006 Netfilter Core Team
[    5.779695] systemd[1]: systemd 237 running in system mode. (+PAM +AUDIT +SELINUX +IMA +APPARMOR +SMACK +SYSVINIT +UTMP +LIBCRYPTSETUP +GCRYPT +GNUTLS +ACL +XZ +LZ4 +SECCOMP +BLKID +ELFUTILS +KMOD -IDN2 +IDN -PCRE2 default-hierarchy=hybrid)
[    5.782721] systemd[1]: Detected virtualization oracle.
[    5.783488] systemd[1]: Detected architecture x86-64.

Welcome to [1mUbuntu 18.04.6 LTS[0m!

[    5.788677] systemd[1]: Set hostname to <devops>.
[    5.988080] systemd[1]: Reached target Mounting snaps.
[[0;32m  OK  [0m] Reached target Mounting snaps.
[    5.989597] systemd[1]: Reached target Mounted snaps.
[[0;32m  OK  [0m] Reached target Mounted snaps.
[    5.990768] systemd[1]: Reached target System Time Synchronized.
[[0;32m  OK  [0m] Reached target System Time Synchronized.
[    5.992227] systemd[1]: Set up automount Arbitrary Executable File Formats File System Automount Point.
[[0;32m  OK  [0m] Set up automount Arbitrary Executab…rmats File System Automount Point.
[    5.994301] systemd[1]: Reached target Swap.
[[0;32m  OK  [0m] Reached target Swap.
[    5.996613] systemd[1]: Created slice System Slice.
[[0;32m  OK  [0m] Created slice System Slice.
[[0;32m  OK  [0m] Listening on Network Service Netlink Socket.
[[0;32m  OK  [0m] Created slice system-serial\x2dgetty.slice.
[[0;32m  OK  [0m] Listening on Device-mapper event daemon FIFOs.
[[0;32m  OK  [0m] Listening on fsck to fsckd communication Socket.
[[0;32m  OK  [0m] Listening on Journal Socket (/dev/log).
[[0;32m  OK  [0m] Listening on udev Control Socket.
[[0;32m  OK  [0m] Listening on Journal Audit Socket.
[[0;32m  OK  [0m] Listening on LVM2 poll daemon socket.
[[0;32m  OK  [0m] Listening on udev Kernel Socket.
[[0;32m  OK  [0m] Listening on LVM2 metadata daemon socket.
[[0;32m  OK  [0m] Started Forward Password Requests to Wall Directory Watch.
[[0;32m  OK  [0m] Listening on Syslog Socket.
[[0;32m  OK  [0m] Reached target User and Group Name Lookups.
[[0;32m  OK  [0m] Created slice User and Session Slice.
[[0;32m  OK  [0m] Reached target Slices.
[[0;32m  OK  [0m] Listening on /dev/initctl Compatibility Named Pipe.
[[0;32m  OK  [0m] Listening on Journal Socket.
         Starting Uncomplicated firewall...
         Mounting POSIX Message Queue File System...
         Starting Journal Service...
         Mounting Kernel Debug File System...
         Starting Load Kernel Modules...
         Starting Monitoring of LVM2 mirrors…ng dmeventd or progress polling...
         Starting Create list of required st…ce nodes for the current kernel...
         Starting udev Coldplug all Devices...
         Mounting Huge Pages File System...
         Starting File System Check on Root Device...
         Starting Set the console keyboard layout...
[[0;32m  OK  [0m] Started Uncomplicated firewall.
[    6.042487] Loading iSCSI transport class v2.0-870.
[    6.051128] iscsi: registered transport (tcp)
[[0;32m  OK  [0m] Started udev Coldplug all Devices.
[    6.063822] iscsi: registered transport (iser)
[[0;32m  OK  [0m] Started Load Kernel Modules.
         Mounting Kernel Configuration File System...
         Mounting FUSE Control File System...
         Starting Apply Kernel Variables...
[[0;32m  OK  [0m] Started Journal Service.
[[0;32m  OK  [0m] Started LVM2 metadata daemon.
[[0;32m  OK  [0m] Started Create list of required sta…vice nodes for the current kernel.
         Starting Create Static Device Nodes in /dev...
[[0;32m  OK  [0m] Started File System Check Daemon to report status.
[[0;32m  OK  [0m] Mounted Kernel Configuration File System.
[[0;32m  OK  [0m] Mounted POSIX Message Queue File System.
[[0;32m  OK  [0m] Mounted Kernel Debug File System.
[[0;32m  OK  [0m] Mounted Huge Pages File System.
[[0;32m  OK  [0m] Mounted FUSE Control File System.
[[0;32m  OK  [0m] Started Create Static Device Nodes in /dev.
[[0;32m  OK  [0m] Started Apply Kernel Variables.
[[0;32m  OK  [0m] Started Monitoring of LVM2 mirrors,…sing dmeventd or progress polling.
[[0;32m  OK  [0m] Started File System Check on Root Device.
         Starting Remount Root and Kernel File Systems...
[[0;32m  OK  [0m] Started Remount Root and Kernel File Systems.
         Starting udev Kernel Device Manager...
         Starting Flush Journal to Persistent Storage...
         Starting Load/Save Random Seed...
[[0;32m  OK  [0m] Started Load/Save Random Seed.
[[0;32m  OK  [0m] Started Set the console keyboard layout.
[[0;32m  OK  [0m] Reached target Local File Systems (Pre).
[[0;32m  OK  [0m] Reached target Local File Systems.
         Starting Set console font and keymap...
         Starting ebtables ruleset management...
         Starting AppArmor initialization...
         Starting Tell Plymouth To Write Out Runtime Data...
[[0;32m  OK  [0m] Started udev Kernel Device Manager.
[[0;32m  OK  [0m] Started Dispatch Password Requests to Console Directory Watch.
[[0;32m  OK  [0m] Reached target Local Encrypted Volumes.
[[0;32m  OK  [0m] Started Tell Plymouth To Write Out Runtime Data.
[[0;32m  OK  [0m] Started Set console font and keymap.
[[0;32m  OK  [0m] Started Flush Journal to Persistent Storage.
         Starting Create Volatile Files and Directories...
[[0;32m  OK  [0m] Started Create Volatile Files and Directories.
         Starting Update UTMP about System Boot/Shutdown...
[[0;32m  OK  [0m] Started Update UTMP about System Boot/Shutdown.
[[0;32m  OK  [0m] Found device /dev/ttyS0.
[[0;32m  OK  [0m] Started ebtables ruleset management.
[[0;32m  OK  [0m] Listening on Load/Save RF Kill Switch Status /dev/rfkill Watch.
[[0;32m  OK  [0m] Started AppArmor initialization.
         Starting Load AppArmor profiles managed internally by snapd...
         Starting Initial cloud-init job (pre-networking)...
         Mounting Arbitrary Executable File Formats File System...
[[0;32m  OK  [0m] Mounted Arbitrary Executable File Formats File System.
[[0;32m  OK  [0m] Started Load AppArmor profiles managed internally by snapd.
[    7.626970] cloud-init[566]: Cloud-init v. 22.4.2-0ubuntu0~18.04.1 running 'init-local' at Wed, 15 Feb 2023 14:12:39 +0000. Up 7.46 seconds.
[[0;32m  OK  [0m] Started Initial cloud-init job (pre-networking).
[[0;32m  OK  [0m] Reached target Network (Pre).
         Starting Network Service...
[[0;32m  OK  [0m] Started Network Service.
         Starting Wait for Network to be Configured...
         Starting Network Name Resolution...
[[0;32m  OK  [0m] Started Network Name Resolution.
[[0;32m  OK  [0m] Reached target Host and Network Name Lookups.
[[0;32m  OK  [0m] Reached target Network.
[[0;32m  OK  [0m] Started Wait for Network to be Configured.
         Starting Initial cloud-init job (metadata service crawler)...
[    9.616494] cloud-init[669]: Cloud-init v. 22.4.2-0ubuntu0~18.04.1 running 'init' at Wed, 15 Feb 2023 14:12:41 +0000. Up 9.48 seconds.
[    9.617741] cloud-init[669]: ci-info: ++++++++++++++++++++++++++++++++++++++Net device info++++++++++++++++++++++++++++++++++++++
[    9.618835] cloud-init[669]: ci-info: +--------+------+----------------------------+---------------+--------+-------------------+
[    9.619870] cloud-init[669]: ci-info: | Device |  Up  |          Address           |      Mask     | Scope  |     Hw-Address    |
[    9.620951] cloud-init[669]: ci-info: +--------+------+----------------------------+---------------+--------+-------------------+
[    9.622040] cloud-init[669]: ci-info: | enp0s3 | True |         10.0.2.15          | 255.255.255.0 | global | 02:1d:71:e8:cf:d1 |
[    9.623091] cloud-init[669]: ci-info: | enp0s3 | True | fe80::1d:71ff:fee8:cfd1/64 |       .       |  link  | 02:1d:71:e8:cf:d1 |
[    9.624079] cloud-init[669]: ci-info: |   lo   | True |         127.0.0.1          |   255.0.0.0   |  host  |         .         |
[    9.625239] cloud-init[669]: ci-info: |   lo   | True |          ::1/128           |       .       |  host  |         .         |
[    9.626228] cloud-init[669]: ci-info: +--------+------+----------------------------+---------------+--------+-------------------+
[    9.627285] cloud-init[669]: ci-info: ++++++++++++++++++++++++++++Route IPv4 info+++++++++++++++++++++++++++++
[    9.628248] cloud-init[669]: ci-info: +-------+-------------+----------+-----------------+-----------+-------+
[    9.629129] cloud-init[669]: ci-info: | Route | Destination | Gateway  |     Genmask     | Interface | Flags |
[    9.630627] cloud-init[669]: ci-info: +-------+-------------+----------+-----------------+-----------+-------+
[    9.631737] cloud-init[669]: ci-info: |   0   |   0.0.0.0   | 10.0.2.2 |     0.0.0.0     |   enp0s3  |   UG  |
[    9.632680] cloud-init[669]: ci-info: |   1   |   10.0.2.0  | 0.0.0.0  |  255.255.255.0  |   enp0s3  |   U   |
[    9.633528] cloud-init[669]: ci-info: |   2   |   10.0.2.2  | 0.0.0.0  | 255.255.255.255 |   enp0s3  |   UH  |
[    9.634536] cloud-init[669]: ci-info: +-------+-------------+----------+-----------------+-----------+-------+
[    9.635550] cloud-init[669]: ci-info: +++++++++++++++++++Route IPv6 info+++++++++++++++++++
[    9.636438] cloud-init[669]: ci-info: +-------+-------------+---------+-----------+-------+
[    9.637301] cloud-init[669]: ci-info: | Route | Destination | Gateway | Interface | Flags |
[    9.638170] cloud-init[669]: ci-info: +-------+-------------+---------+-----------+-------+
[    9.639018] cloud-init[669]: ci-info: |   1   |  fe80::/64  |    ::   |   enp0s3  |   U   |
[    9.639857] cloud-init[669]: ci-info: |   3   |    local    |    ::   |   enp0s3  |   U   |
[    9.640754] cloud-init[669]: ci-info: |   4   |   ff00::/8  |    ::   |   enp0s3  |   U   |
[    9.641594] cloud-init[669]: ci-info: +-------+-------------+---------+-----------+-------+
[[0;32m  OK  [0m] Started Initial cloud-init job (metadata service crawler).
[[0;32m  OK  [0m] Reached target System Initialization.
[[0;32m  OK  [0m] Started Discard unused blocks once a week.
[[0;32m  OK  [0m] Started Daily apt download activities.
[[0;32m  OK  [0m] Started Daily apt upgrade and clean activities.
         Starting LXD - unix socket.
[[0;32m  OK  [0m] Started Daily Cleanup of Temporary Directories.
[[0;32m  OK  [0m] Listening on D-Bus System Message Bus Socket.
[[0;32m  OK  [0m] Listening on cloud-init hotplug hook socket.
         Starting Socket activation for snappy daemon.
[[0;32m  OK  [0m] Started ACPI Events Check.
[[0;32m  OK  [0m] Reached target Paths.
[[0;32m  OK  [0m] Listening on ACPID Listen Socket.
[[0;32m  OK  [0m] Listening on UUID daemon activation socket.
[[0;32m  OK  [0m] Started Ubuntu Advantage Timer for running repeated jobs.
[[0;32m  OK  [0m] Listening on Open-iSCSI iscsid Socket.
[[0;32m  OK  [0m] Started Message of the Day.
[[0;32m  OK  [0m] Reached target Timers.
[[0;32m  OK  [0m] Reached target Network is Online.
         Starting Availability of block devices...
[[0;32m  OK  [0m] Reached target Remote File Systems (Pre).
         Mounting /vagrant...
         Mounting /opt/devops_challenge_app...
[[0;32m  OK  [0m] Reached target Cloud-config availability.
[[0;32m  OK  [0m] Listening on LXD - unix socket.
[[0;32m  OK  [0m] Listening on Socket activation for snappy daemon.
[[0;32m  OK  [0m] Reached target Sockets.
[[0;32m  OK  [0m] Reached target Basic System.
         Starting Accounts Service...
         Starting LSB: Record successful boot for GRUB...
         Starting Login Service...
[[0;32m  OK  [0m] Started Regular background program processing daemon.
[[0;32m  OK  [0m] Started irqbalance daemon.
         Starting OpenBSD Secure Shell server...
[[0;32m  OK  [0m] Started Deferred execution scheduler.
         Starting LXD - container startup/shutdown...
[[0;32m  OK  [0m] Reached target Login Prompts (Pre).
[[0;32m  OK  [0m] Started FUSE filesystem for LXC.
         Starting Dispatcher daemon for systemd-networkd...
[[0;32m  OK  [0m] Started D-Bus System Message Bus.
[[0;32m  OK  [0m] Started Login Service.
[[0;32m  OK  [0m] Started Unattended Upgrades Shutdown.
         Starting System Logging Service...
         Starting Advanced key-value store...
         Starting Snap Daemon...
         Starting Virtualbox guest utils...
[[0;32m  OK  [0m] Started System Logging Service.
[[0;32m  OK  [0m] Started Availability of block devices.
[[0;32m  OK  [0m] Mounted /vagrant.
[[0;32m  OK  [0m] Mounted /opt/devops_challenge_app.
[[0;32m  OK  [0m] Started LXD - container startup/shutdown.
[[0;32m  OK  [0m] Reached target Remote File Systems.
         Starting Permit User Sessions...
         Starting LSB: automatic crash report generation...
[[0;32m  OK  [0m] Started OpenBSD Secure Shell server.
[[0;32m  OK  [0m] Started Permit User Sessions.
         Starting Hold until boot process finishes up...
         Starting Terminate Plymouth Boot Screen...
         Starting Authorization Manager...
[[0;32m  OK  [0m] Started Hold until boot process finishes up.
         Starting Set console scheme...
[[0;32m  OK  [0m] Started Serial Getty on ttyS0.
[[0;32m  OK  [0m] Started Terminate Plymouth Boot Screen.
[[0;32m  OK  [0m] Started Authorization Manager.
[[0;32m  OK  [0m] Started Accounts Service.
[[0;32m  OK  [0m] Started Set console scheme.
[[0;32m  OK  [0m] Created slice system-getty.slice.
[[0;32m  OK  [0m] Started Getty on tty1.
[[0;32m  OK  [0m] Reached target Login Prompts.
[[0;32m  OK  [0m] Started Advanced key-value store.
[[0;32m  OK  [0m] Started LSB: Record successful boot for GRUB.
[[0;32m  OK  [0m] Started LSB: automatic crash report generation.
[[0;32m  OK  [0m] Started Virtualbox guest utils.
[[0;32m  OK  [0m] Started Dispatcher daemon for systemd-networkd.
[[0;32m  OK  [0m] Started Snap Daemon.
         Starting Wait until snapd is fully seeded...
         Starting Time & Date Service...
[[0;32m  OK  [0m] Started Time & Date Service.
[[0;32m  OK  [0m] Started Wait until snapd is fully seeded.
         Starting Apply the settings specified in cloud-config...
[   11.346985] cloud-init[1106]: Cloud-init v. 22.4.2-0ubuntu0~18.04.1 running 'modules:config' at Wed, 15 Feb 2023 14:12:43 +0000. Up 11.25 seconds.
[[0;32m  OK  [0m] Started Apply the settings specified in cloud-config.
[[0;32m  OK  [0m] Reached target Multi-User System.
[[0;32m  OK  [0m] Reached target Graphical Interface.
         Starting Update UTMP about System Runlevel Changes...
         Starting Execute cloud user/final scripts...
[[0;32m  OK  [0m] Started Update UTMP about System Runlevel Changes.
[   11.847168] cloud-init[1149]: Cloud-init v. 22.4.2-0ubuntu0~18.04.1 running 'modules:final' at Wed, 15 Feb 2023 14:12:43 +0000. Up 11.73 seconds.
[   11.848751] cloud-init[1149]: Cloud-init v. 22.4.2-0ubuntu0~18.04.1 finished at Wed, 15 Feb 2023 14:12:43 +0000. Datasource DataSourceNoCloud [seed=/dev/sdb][dsmode=net].  Up 11.83 seconds
[[0;32m  OK  [0m] Started Execute cloud user/final scripts.
[[0;32m  OK  [0m] Reached target Cloud-init target.

Ubuntu 18.04.6 LTS devops ttyS0

devops login: 